#
# A fatal error has been detected by the Java Runtime Environment:
#
#  EXCEPTION_ACCESS_VIOLATION (0xc0000005) at pc=0x0000000064a30bff, pid=1260, tid=23160
#
# JRE version: OpenJDK Runtime Environment (16.0.2+7) (build 16.0.2+7-67)
# Java VM: OpenJDK 64-Bit Server VM (16.0.2+7-67, mixed mode, sharing, tiered, compressed oops, compressed class ptrs, g1 gc, windows-amd64)
# Problematic frame:
# C  [imgui-java64.dll+0x30bff]
#
# No core dump will be written. Minidumps are not enabled by default on client versions of Windows
#
# If you would like to submit a bug report, please visit:
#   https://bugreport.java.com/bugreport/crash.jsp
# The crash happened outside the Java Virtual Machine in native code.
# See problematic frame for where to report the bug.
#

---------------  S U M M A R Y ------------

Command Line: -Dfile.encoding=windows-1252 -Duser.country=US -Duser.language=en -Duser.variant application.desktop.DesktopApplication

Host: Intel(R) Core(TM) i7-6700 CPU @ 3.40GHz, 8 cores, 31G,  Windows 10 , 64 bit Build 19041 (10.0.19041.1202)
Time: Fri Nov 12 23:03:27 2021 Eastern Standard Time elapsed time: 0.233658 seconds (0d 0h 0m 0s)

---------------  T H R E A D  ---------------

Current thread (0x000001f337910aa0):  JavaThread "main" [_thread_in_native, id=23160, stack(0x000000ae20300000,0x000000ae20400000)]

Stack: [0x000000ae20300000,0x000000ae20400000],  sp=0x000000ae203fecd0,  free space=1019k
Native frames: (J=compiled Java code, j=interpreted, Vv=VM code, C=native code)
C  [imgui-java64.dll+0x30bff]

Java frames: (J=compiled Java code, j=interpreted, Vv=VM code)
j  imgui.ImGui.getColorU32(FFFF)I+0
j  application.desktop.ui.components.WarehouseLayoutCanvas.<clinit>()V+4
v  ~StubRoutines::call_stub
j  application.desktop.DesktopApplication.<init>()V+36
j  application.desktop.DesktopApplication.main([Ljava/lang/String;)V+4
v  ~StubRoutines::call_stub

siginfo: EXCEPTION_ACCESS_VIOLATION (0xc0000005), reading address 0x0000000000001630


Register to memory mapping:

RIP=0x0000000064a30bff imgui-java64.dll
RAX=0x0 is NULL
RBX={method} {0x000001f364431468} 'getColorU32' '(FFFF)I' in 'imgui/ImGui'
RCX=0x000000ae203fecf0 is pointing into the stack for thread: 0x000001f337910aa0
RDX=0x000000ae203fedf0 is pointing into the stack for thread: 0x000001f337910aa0
RSP=0x000000ae203fecd0 is pointing into the stack for thread: 0x000001f337910aa0
RBP=0x000000ae203fede0 is pointing into the stack for thread: 0x000001f337910aa0
RSI=0x0 is NULL
RDI=0x000000ae203ff290 is pointing into the stack for thread: 0x000001f337910aa0
R8 =0x0000000000000003 is an unknown value
R9 =0x0000000000000003 is an unknown value
R10=0x000001f33f08dcf3 is at code_begin+979 in an Interpreter codelet
method entry point (kind = native)  [0x000001f33f08d920, 0x000001f33f08e300]  2528 bytes
R11=0x0000000620eb3a08 is an oop: java.lang.Class 
{0x0000000620eb3a08} - klass: 'java/lang/Class'
R12=0x0 is NULL
R13={method} {0x000001f364431468} 'getColorU32' '(FFFF)I' in 'imgui/ImGui'
R14=0x000000ae203fee18 is pointing into the stack for thread: 0x000001f337910aa0
R15=0x000001f337910aa0 is a thread


Registers:
RAX=0x0000000000000000, RBX=0x000001f364431460, RCX=0x000000ae203fecf0, RDX=0x000000ae203fedf0
RSP=0x000000ae203fecd0, RBP=0x000000ae203fede0, RSI=0x0000000000000000, RDI=0x000000ae203ff290
R8 =0x0000000000000003, R9 =0x0000000000000003, R10=0x000001f33f08dcf3, R11=0x0000000620eb3a08
R12=0x0000000000000000, R13=0x000001f364431460, R14=0x000000ae203fee18, R15=0x000001f337910aa0
RIP=0x0000000064a30bff, EFLAGS=0x0000000000010202

Top of Stack: (sp=0x000000ae203fecd0)
0x000000ae203fecd0:   000000ae203fede0 00007ff9fa268ab7
0x000000ae203fece0:   00000000000cccd5 000001f33f0b1764
0x000000ae203fecf0:   3f8000003f800000 3f8000003f800000
0x000000ae203fed00:   000001f364431460 0000000064a6d402
0x000000ae203fed10:   000000ae203ff290 000001f33f08db79
0x000000ae203fed20:   000000ae203fee00 000001f364431460
0x000000ae203fed30:   3f8000003f800000 3f8000003f800000
0x000000ae203fed40:   000001f337910aa0 000001f33f08dd22
0x000000ae203fed50:   000001f364431460 000001f337910aa0
0x000000ae203fed60:   000000ae203ff290 000001f33f08da32
0x000000ae203fed70:   000001f33f800000 000000003f800000
0x000000ae203fed80:   000001f337910aa0 00007ff9fa423ba2
0x000000ae203fed90:   000001f33f08d9d6 000000ae203fed98
0x000000ae203feda0:   000001f364431460 000000ae203fee18
0x000000ae203fedb0:   000001f364454228 0000000000000000
0x000000ae203fedc0:   0000000620eb3a08 000001f364431460 

Instructions: (pc=0x0000000064a30bff)
0x0000000064a30aff:   0d cc c9 48 00 ff 15 3e 8b d7 00 e9 64 fe ff ff
0x0000000064a30b0f:   90 41 b8 99 09 00 00 48 8d 15 23 c2 48 00 48 8d
0x0000000064a30b1f:   0d 14 ca 48 00 ff 15 1e 8b d7 00 f3 41 0f 10 4c
0x0000000064a30b2f:   24 14 e9 66 fe ff ff 66 0f ef f6 e9 4d fe ff ff
0x0000000064a30b3f:   90 48 83 ec 28 48 8b 05 dd b5 52 00 48 85 c0 74
0x0000000064a30b4f:   10 48 05 30 16 00 00 48 83 c4 28 c3 0f 1f 44 00
0x0000000064a30b5f:   00 41 b8 bd 09 00 00 48 8d 15 d3 c1 48 00 48 8d
0x0000000064a30b6f:   0d dc c9 48 00 ff 15 ce 8a d7 00 48 8b 05 a7 b5
0x0000000064a30b7f:   52 00 48 05 30 16 00 00 48 83 c4 28 c3 0f 1f 40
0x0000000064a30b8f:   00 48 83 ec 38 48 8b 05 8d b5 52 00 f3 0f 59 88
0x0000000064a30b9f:   30 16 00 00 48 63 c9 48 c1 e1 04 f3 0f 6f 84 01
0x0000000064a30baf:   f8 16 00 00 48 8d 4c 24 20 0f 11 44 24 20 f3 0f
0x0000000064a30bbf:   59 4c 24 2c f3 0f 11 4c 24 2c e8 12 d4 ff ff 48
0x0000000064a30bcf:   83 c4 38 c3 66 66 2e 0f 1f 84 00 00 00 00 00 66
0x0000000064a30bdf:   90 48 83 ec 38 48 8b 05 3d b5 52 00 f3 0f 6f 09
0x0000000064a30bef:   0f 11 4c 24 20 f3 0f 10 44 24 2c 48 8d 4c 24 20
0x0000000064a30bff:   f3 0f 59 80 30 16 00 00 f3 0f 11 44 24 2c e8 ce
0x0000000064a30c0f:   d3 ff ff 48 83 c4 38 c3 66 0f 1f 84 00 00 00 00
0x0000000064a30c1f:   00 48 8b 05 01 b5 52 00 48 63 c9 48 c1 e1 04 48
0x0000000064a30c2f:   8d 84 08 f8 16 00 00 c3 66 0f 1f 84 00 00 00 00
0x0000000064a30c3f:   00 48 8b 05 e1 b4 52 00 f3 0f 10 88 30 16 00 00
0x0000000064a30c4f:   0f 2f 0d f6 25 49 00 89 c8 73 20 89 ca 66 0f ef
0x0000000064a30c5f:   c0 25 ff ff ff 00 c1 ea 18 f3 0f 2a c2 f3 0f 59
0x0000000064a30c6f:   c1 f3 48 0f 2c d0 c1 e2 18 09 d0 c3 0f 1f 44 00
0x0000000064a30c7f:   00 41 54 55 57 56 53 48 83 ec 40 48 8b 2d 97 b4
0x0000000064a30c8f:   52 00 48 63 f1 89 4c 24 20 89 d3 48 89 f0 48 c1
0x0000000064a30c9f:   e0 04 f3 0f 6f 9c 28 f8 16 00 00 48 63 85 90 1e
0x0000000064a30caf:   00 00 0f 11 5c 24 24 3b 85 94 1e 00 00 0f 84 9e
0x0000000064a30cbf:   00 00 00 48 8b bd 98 1e 00 00 8b 54 24 30 48 8d
0x0000000064a30ccf:   04 80 66 0f ef c9 48 c1 e6 04 f3 0f 6f 64 24 20
0x0000000064a30cdf:   48 8d 04 87 f3 0f 10 15 c9 25 49 00 66 0f ef c0
0x0000000064a30cef:   89 50 10 48 8d 94 35 f8 16 00 00 0f 11 20 0f b6 


Stack slot to memory mapping:
stack at sp + 0 slots: 0x000000ae203fede0 is pointing into the stack for thread: 0x000001f337910aa0
stack at sp + 1 slots: 0x00007ff9fa268ab7 jvm.dll
stack at sp + 2 slots: 0x00000000000cccd5 is an unknown value
stack at sp + 3 slots: 0x000001f33f0b1764 is at code_begin+2788 in 
[CodeBlob (0x000001f33f0b0c10)]
Framesize: 0
BufferBlob (0x000001f33f0b0c10) used for native signature handlers
stack at sp + 4 slots: 0x3f8000003f800000 is an unknown value
stack at sp + 5 slots: 0x3f8000003f800000 is an unknown value
stack at sp + 6 slots: {method} {0x000001f364431468} 'getColorU32' '(FFFF)I' in 'imgui/ImGui'
stack at sp + 7 slots: 0x0000000064a6d402 imgui-java64.dll


---------------  P R O C E S S  ---------------

Threads class SMR info:
_java_thread_list=0x000001f36490e520, length=12, elements={
0x000001f337910aa0, 0x000001f363d8b1a0, 0x000001f363d8d070, 0x000001f363d9ecf0,
0x000001f363d9f800, 0x000001f363da2310, 0x000001f363da4d20, 0x000001f363da9000,
0x000001f364808140, 0x000001f364808b80, 0x000001f36492fa90, 0x000001f364933870
}

Java Threads: ( => current thread )
=>0x000001f337910aa0 JavaThread "main" [_thread_in_native, id=23160, stack(0x000000ae20300000,0x000000ae20400000)]
  0x000001f363d8b1a0 JavaThread "Reference Handler" daemon [_thread_blocked, id=35972, stack(0x000000ae20a00000,0x000000ae20b00000)]
  0x000001f363d8d070 JavaThread "Finalizer" daemon [_thread_blocked, id=31268, stack(0x000000ae20b00000,0x000000ae20c00000)]
  0x000001f363d9ecf0 JavaThread "Signal Dispatcher" daemon [_thread_blocked, id=30656, stack(0x000000ae20c00000,0x000000ae20d00000)]
  0x000001f363d9f800 JavaThread "Attach Listener" daemon [_thread_blocked, id=152, stack(0x000000ae20d00000,0x000000ae20e00000)]
  0x000001f363da2310 JavaThread "Service Thread" daemon [_thread_blocked, id=29828, stack(0x000000ae20e00000,0x000000ae20f00000)]
  0x000001f363da4d20 JavaThread "Monitor Deflation Thread" daemon [_thread_blocked, id=34824, stack(0x000000ae20f00000,0x000000ae21000000)]
  0x000001f363da9000 JavaThread "C2 CompilerThread0" daemon [_thread_blocked, id=20436, stack(0x000000ae21000000,0x000000ae21100000)]
  0x000001f364808140 JavaThread "C1 CompilerThread0" daemon [_thread_blocked, id=35924, stack(0x000000ae21100000,0x000000ae21200000)]
  0x000001f364808b80 JavaThread "Sweeper thread" daemon [_thread_blocked, id=5032, stack(0x000000ae21200000,0x000000ae21300000)]
  0x000001f36492fa90 JavaThread "Notification Thread" daemon [_thread_blocked, id=20292, stack(0x000000ae21300000,0x000000ae21400000)]
  0x000001f364933870 JavaThread "Common-Cleaner" daemon [_thread_blocked, id=37332, stack(0x000000ae21500000,0x000000ae21600000)]

Other Threads:
  0x000001f363d82130 VMThread "VM Thread" [stack: 0x000000ae20900000,0x000000ae20a00000] [id=12036]
  0x000001f3649313d0 WatcherThread [stack: 0x000000ae21400000,0x000000ae21500000] [id=8224]
  0x000001f3379870d0 GCTaskThread "GC Thread#0" [stack: 0x000000ae20400000,0x000000ae20500000] [id=32224]
  0x000001f337998090 ConcurrentGCThread "G1 Main Marker" [stack: 0x000000ae20500000,0x000000ae20600000] [id=8728]
  0x000001f33799a2b0 ConcurrentGCThread "G1 Conc#0" [stack: 0x000000ae20600000,0x000000ae20700000] [id=35744]
  0x000001f3379edda0 ConcurrentGCThread "G1 Refine#0" [stack: 0x000000ae20700000,0x000000ae20800000] [id=18360]
  0x000001f3379ee820 ConcurrentGCThread "G1 Service" [stack: 0x000000ae20800000,0x000000ae20900000] [id=11312]

Threads with active compile tasks:

VM state: not at safepoint (normal execution)

VM Mutex/Monitor currently owned by a thread: None

Heap address: 0x0000000601000000, size: 8176 MB, Compressed Oops mode: Zero based, Oop shift amount: 3

CDS archive(s) mapped at: [0x0000000800000000-0x0000000800bb0000-0x0000000800bb0000), size 12255232, SharedBaseAddress: 0x0000000800000000, ArchiveRelocationMode: 0.
Compressed class space mapped at: 0x0000000800c00000-0x0000000840c00000, reserved size: 1073741824
Narrow klass base: 0x0000000800000000, Narrow klass shift: 3, Narrow klass range: 0x100000000

GC Precious Log:
 CPUs: 8 total, 8 available
 Memory: 32689M
 Large Page Support: Disabled
 NUMA Support: Disabled
 Compressed Oops: Enabled (Zero based)
 Heap Region Size: 4M
 Heap Min Capacity: 8M
 Heap Initial Capacity: 512M
 Heap Max Capacity: 8176M
 Pre-touch: Disabled
 Parallel Workers: 8
 Concurrent Workers: 2
 Concurrent Refinement Workers: 8
 Periodic GC: Disabled

Heap:
 garbage-first heap   total 524288K, used 0K [0x0000000601000000, 0x0000000800000000)
  region size 4096K, 1 young (4096K), 0 survivors (0K)
 Metaspace       used 1233K, committed 1344K, reserved 1056768K
  class space    used 81K, committed 128K, reserved 1048576K

Heap Regions: E=young(eden), S=young(survivor), O=old, HS=humongous(starts), HC=humongous(continues), CS=collection set, F=free, OA=open archive, CA=closed archive, TAMS=top-at-mark-start (previous, next)
|   0|0x0000000601000000, 0x0000000601000000, 0x0000000601400000|  0%| F|  |TAMS 0x0000000601000000, 0x0000000601000000| Untracked 
|   1|0x0000000601400000, 0x0000000601400000, 0x0000000601800000|  0%| F|  |TAMS 0x0000000601400000, 0x0000000601400000| Untracked 
|   2|0x0000000601800000, 0x0000000601800000, 0x0000000601c00000|  0%| F|  |TAMS 0x0000000601800000, 0x0000000601800000| Untracked 
|   3|0x0000000601c00000, 0x0000000601c00000, 0x0000000602000000|  0%| F|  |TAMS 0x0000000601c00000, 0x0000000601c00000| Untracked 
|   4|0x0000000602000000, 0x0000000602000000, 0x0000000602400000|  0%| F|  |TAMS 0x0000000602000000, 0x0000000602000000| Untracked 
|   5|0x0000000602400000, 0x0000000602400000, 0x0000000602800000|  0%| F|  |TAMS 0x0000000602400000, 0x0000000602400000| Untracked 
|   6|0x0000000602800000, 0x0000000602800000, 0x0000000602c00000|  0%| F|  |TAMS 0x0000000602800000, 0x0000000602800000| Untracked 
|   7|0x0000000602c00000, 0x0000000602c00000, 0x0000000603000000|  0%| F|  |TAMS 0x0000000602c00000, 0x0000000602c00000| Untracked 
|   8|0x0000000603000000, 0x0000000603000000, 0x0000000603400000|  0%| F|  |TAMS 0x0000000603000000, 0x0000000603000000| Untracked 
|   9|0x0000000603400000, 0x0000000603400000, 0x0000000603800000|  0%| F|  |TAMS 0x0000000603400000, 0x0000000603400000| Untracked 
|  10|0x0000000603800000, 0x0000000603800000, 0x0000000603c00000|  0%| F|  |TAMS 0x0000000603800000, 0x0000000603800000| Untracked 
|  11|0x0000000603c00000, 0x0000000603c00000, 0x0000000604000000|  0%| F|  |TAMS 0x0000000603c00000, 0x0000000603c00000| Untracked 
|  12|0x0000000604000000, 0x0000000604000000, 0x0000000604400000|  0%| F|  |TAMS 0x0000000604000000, 0x0000000604000000| Untracked 
|  13|0x0000000604400000, 0x0000000604400000, 0x0000000604800000|  0%| F|  |TAMS 0x0000000604400000, 0x0000000604400000| Untracked 
|  14|0x0000000604800000, 0x0000000604800000, 0x0000000604c00000|  0%| F|  |TAMS 0x0000000604800000, 0x0000000604800000| Untracked 
|  15|0x0000000604c00000, 0x0000000604c00000, 0x0000000605000000|  0%| F|  |TAMS 0x0000000604c00000, 0x0000000604c00000| Untracked 
|  16|0x0000000605000000, 0x0000000605000000, 0x0000000605400000|  0%| F|  |TAMS 0x0000000605000000, 0x0000000605000000| Untracked 
|  17|0x0000000605400000, 0x0000000605400000, 0x0000000605800000|  0%| F|  |TAMS 0x0000000605400000, 0x0000000605400000| Untracked 
|  18|0x0000000605800000, 0x0000000605800000, 0x0000000605c00000|  0%| F|  |TAMS 0x0000000605800000, 0x0000000605800000| Untracked 
|  19|0x0000000605c00000, 0x0000000605c00000, 0x0000000606000000|  0%| F|  |TAMS 0x0000000605c00000, 0x0000000605c00000| Untracked 
|  20|0x0000000606000000, 0x0000000606000000, 0x0000000606400000|  0%| F|  |TAMS 0x0000000606000000, 0x0000000606000000| Untracked 
|  21|0x0000000606400000, 0x0000000606400000, 0x0000000606800000|  0%| F|  |TAMS 0x0000000606400000, 0x0000000606400000| Untracked 
|  22|0x0000000606800000, 0x0000000606800000, 0x0000000606c00000|  0%| F|  |TAMS 0x0000000606800000, 0x0000000606800000| Untracked 
|  23|0x0000000606c00000, 0x0000000606c00000, 0x0000000607000000|  0%| F|  |TAMS 0x0000000606c00000, 0x0000000606c00000| Untracked 
|  24|0x0000000607000000, 0x0000000607000000, 0x0000000607400000|  0%| F|  |TAMS 0x0000000607000000, 0x0000000607000000| Untracked 
|  25|0x0000000607400000, 0x0000000607400000, 0x0000000607800000|  0%| F|  |TAMS 0x0000000607400000, 0x0000000607400000| Untracked 
|  26|0x0000000607800000, 0x0000000607800000, 0x0000000607c00000|  0%| F|  |TAMS 0x0000000607800000, 0x0000000607800000| Untracked 
|  27|0x0000000607c00000, 0x0000000607c00000, 0x0000000608000000|  0%| F|  |TAMS 0x0000000607c00000, 0x0000000607c00000| Untracked 
|  28|0x0000000608000000, 0x0000000608000000, 0x0000000608400000|  0%| F|  |TAMS 0x0000000608000000, 0x0000000608000000| Untracked 
|  29|0x0000000608400000, 0x0000000608400000, 0x0000000608800000|  0%| F|  |TAMS 0x0000000608400000, 0x0000000608400000| Untracked 
|  30|0x0000000608800000, 0x0000000608800000, 0x0000000608c00000|  0%| F|  |TAMS 0x0000000608800000, 0x0000000608800000| Untracked 
|  31|0x0000000608c00000, 0x0000000608c00000, 0x0000000609000000|  0%| F|  |TAMS 0x0000000608c00000, 0x0000000608c00000| Untracked 
|  32|0x0000000609000000, 0x0000000609000000, 0x0000000609400000|  0%| F|  |TAMS 0x0000000609000000, 0x0000000609000000| Untracked 
|  33|0x0000000609400000, 0x0000000609400000, 0x0000000609800000|  0%| F|  |TAMS 0x0000000609400000, 0x0000000609400000| Untracked 
|  34|0x0000000609800000, 0x0000000609800000, 0x0000000609c00000|  0%| F|  |TAMS 0x0000000609800000, 0x0000000609800000| Untracked 
|  35|0x0000000609c00000, 0x0000000609c00000, 0x000000060a000000|  0%| F|  |TAMS 0x0000000609c00000, 0x0000000609c00000| Untracked 
|  36|0x000000060a000000, 0x000000060a000000, 0x000000060a400000|  0%| F|  |TAMS 0x000000060a000000, 0x000000060a000000| Untracked 
|  37|0x000000060a400000, 0x000000060a400000, 0x000000060a800000|  0%| F|  |TAMS 0x000000060a400000, 0x000000060a400000| Untracked 
|  38|0x000000060a800000, 0x000000060a800000, 0x000000060ac00000|  0%| F|  |TAMS 0x000000060a800000, 0x000000060a800000| Untracked 
|  39|0x000000060ac00000, 0x000000060ac00000, 0x000000060b000000|  0%| F|  |TAMS 0x000000060ac00000, 0x000000060ac00000| Untracked 
|  40|0x000000060b000000, 0x000000060b000000, 0x000000060b400000|  0%| F|  |TAMS 0x000000060b000000, 0x000000060b000000| Untracked 
|  41|0x000000060b400000, 0x000000060b400000, 0x000000060b800000|  0%| F|  |TAMS 0x000000060b400000, 0x000000060b400000| Untracked 
|  42|0x000000060b800000, 0x000000060b800000, 0x000000060bc00000|  0%| F|  |TAMS 0x000000060b800000, 0x000000060b800000| Untracked 
|  43|0x000000060bc00000, 0x000000060bc00000, 0x000000060c000000|  0%| F|  |TAMS 0x000000060bc00000, 0x000000060bc00000| Untracked 
|  44|0x000000060c000000, 0x000000060c000000, 0x000000060c400000|  0%| F|  |TAMS 0x000000060c000000, 0x000000060c000000| Untracked 
|  45|0x000000060c400000, 0x000000060c400000, 0x000000060c800000|  0%| F|  |TAMS 0x000000060c400000, 0x000000060c400000| Untracked 
|  46|0x000000060c800000, 0x000000060c800000, 0x000000060cc00000|  0%| F|  |TAMS 0x000000060c800000, 0x000000060c800000| Untracked 
|  47|0x000000060cc00000, 0x000000060cc00000, 0x000000060d000000|  0%| F|  |TAMS 0x000000060cc00000, 0x000000060cc00000| Untracked 
|  48|0x000000060d000000, 0x000000060d000000, 0x000000060d400000|  0%| F|  |TAMS 0x000000060d000000, 0x000000060d000000| Untracked 
|  49|0x000000060d400000, 0x000000060d400000, 0x000000060d800000|  0%| F|  |TAMS 0x000000060d400000, 0x000000060d400000| Untracked 
|  50|0x000000060d800000, 0x000000060d800000, 0x000000060dc00000|  0%| F|  |TAMS 0x000000060d800000, 0x000000060d800000| Untracked 
|  51|0x000000060dc00000, 0x000000060dc00000, 0x000000060e000000|  0%| F|  |TAMS 0x000000060dc00000, 0x000000060dc00000| Untracked 
|  52|0x000000060e000000, 0x000000060e000000, 0x000000060e400000|  0%| F|  |TAMS 0x000000060e000000, 0x000000060e000000| Untracked 
|  53|0x000000060e400000, 0x000000060e400000, 0x000000060e800000|  0%| F|  |TAMS 0x000000060e400000, 0x000000060e400000| Untracked 
|  54|0x000000060e800000, 0x000000060e800000, 0x000000060ec00000|  0%| F|  |TAMS 0x000000060e800000, 0x000000060e800000| Untracked 
|  55|0x000000060ec00000, 0x000000060ec00000, 0x000000060f000000|  0%| F|  |TAMS 0x000000060ec00000, 0x000000060ec00000| Untracked 
|  56|0x000000060f000000, 0x000000060f000000, 0x000000060f400000|  0%| F|  |TAMS 0x000000060f000000, 0x000000060f000000| Untracked 
|  57|0x000000060f400000, 0x000000060f400000, 0x000000060f800000|  0%| F|  |TAMS 0x000000060f400000, 0x000000060f400000| Untracked 
|  58|0x000000060f800000, 0x000000060f800000, 0x000000060fc00000|  0%| F|  |TAMS 0x000000060f800000, 0x000000060f800000| Untracked 
|  59|0x000000060fc00000, 0x000000060fc00000, 0x0000000610000000|  0%| F|  |TAMS 0x000000060fc00000, 0x000000060fc00000| Untracked 
|  60|0x0000000610000000, 0x0000000610000000, 0x0000000610400000|  0%| F|  |TAMS 0x0000000610000000, 0x0000000610000000| Untracked 
|  61|0x0000000610400000, 0x0000000610400000, 0x0000000610800000|  0%| F|  |TAMS 0x0000000610400000, 0x0000000610400000| Untracked 
|  62|0x0000000610800000, 0x0000000610800000, 0x0000000610c00000|  0%| F|  |TAMS 0x0000000610800000, 0x0000000610800000| Untracked 
|  63|0x0000000610c00000, 0x0000000610c00000, 0x0000000611000000|  0%| F|  |TAMS 0x0000000610c00000, 0x0000000610c00000| Untracked 
|  64|0x0000000611000000, 0x0000000611000000, 0x0000000611400000|  0%| F|  |TAMS 0x0000000611000000, 0x0000000611000000| Untracked 
|  65|0x0000000611400000, 0x0000000611400000, 0x0000000611800000|  0%| F|  |TAMS 0x0000000611400000, 0x0000000611400000| Untracked 
|  66|0x0000000611800000, 0x0000000611800000, 0x0000000611c00000|  0%| F|  |TAMS 0x0000000611800000, 0x0000000611800000| Untracked 
|  67|0x0000000611c00000, 0x0000000611c00000, 0x0000000612000000|  0%| F|  |TAMS 0x0000000611c00000, 0x0000000611c00000| Untracked 
|  68|0x0000000612000000, 0x0000000612000000, 0x0000000612400000|  0%| F|  |TAMS 0x0000000612000000, 0x0000000612000000| Untracked 
|  69|0x0000000612400000, 0x0000000612400000, 0x0000000612800000|  0%| F|  |TAMS 0x0000000612400000, 0x0000000612400000| Untracked 
|  70|0x0000000612800000, 0x0000000612800000, 0x0000000612c00000|  0%| F|  |TAMS 0x0000000612800000, 0x0000000612800000| Untracked 
|  71|0x0000000612c00000, 0x0000000612c00000, 0x0000000613000000|  0%| F|  |TAMS 0x0000000612c00000, 0x0000000612c00000| Untracked 
|  72|0x0000000613000000, 0x0000000613000000, 0x0000000613400000|  0%| F|  |TAMS 0x0000000613000000, 0x0000000613000000| Untracked 
|  73|0x0000000613400000, 0x0000000613400000, 0x0000000613800000|  0%| F|  |TAMS 0x0000000613400000, 0x0000000613400000| Untracked 
|  74|0x0000000613800000, 0x0000000613800000, 0x0000000613c00000|  0%| F|  |TAMS 0x0000000613800000, 0x0000000613800000| Untracked 
|  75|0x0000000613c00000, 0x0000000613c00000, 0x0000000614000000|  0%| F|  |TAMS 0x0000000613c00000, 0x0000000613c00000| Untracked 
|  76|0x0000000614000000, 0x0000000614000000, 0x0000000614400000|  0%| F|  |TAMS 0x0000000614000000, 0x0000000614000000| Untracked 
|  77|0x0000000614400000, 0x0000000614400000, 0x0000000614800000|  0%| F|  |TAMS 0x0000000614400000, 0x0000000614400000| Untracked 
|  78|0x0000000614800000, 0x0000000614800000, 0x0000000614c00000|  0%| F|  |TAMS 0x0000000614800000, 0x0000000614800000| Untracked 
|  79|0x0000000614c00000, 0x0000000614c00000, 0x0000000615000000|  0%| F|  |TAMS 0x0000000614c00000, 0x0000000614c00000| Untracked 
|  80|0x0000000615000000, 0x0000000615000000, 0x0000000615400000|  0%| F|  |TAMS 0x0000000615000000, 0x0000000615000000| Untracked 
|  81|0x0000000615400000, 0x0000000615400000, 0x0000000615800000|  0%| F|  |TAMS 0x0000000615400000, 0x0000000615400000| Untracked 
|  82|0x0000000615800000, 0x0000000615800000, 0x0000000615c00000|  0%| F|  |TAMS 0x0000000615800000, 0x0000000615800000| Untracked 
|  83|0x0000000615c00000, 0x0000000615c00000, 0x0000000616000000|  0%| F|  |TAMS 0x0000000615c00000, 0x0000000615c00000| Untracked 
|  84|0x0000000616000000, 0x0000000616000000, 0x0000000616400000|  0%| F|  |TAMS 0x0000000616000000, 0x0000000616000000| Untracked 
|  85|0x0000000616400000, 0x0000000616400000, 0x0000000616800000|  0%| F|  |TAMS 0x0000000616400000, 0x0000000616400000| Untracked 
|  86|0x0000000616800000, 0x0000000616800000, 0x0000000616c00000|  0%| F|  |TAMS 0x0000000616800000, 0x0000000616800000| Untracked 
|  87|0x0000000616c00000, 0x0000000616c00000, 0x0000000617000000|  0%| F|  |TAMS 0x0000000616c00000, 0x0000000616c00000| Untracked 
|  88|0x0000000617000000, 0x0000000617000000, 0x0000000617400000|  0%| F|  |TAMS 0x0000000617000000, 0x0000000617000000| Untracked 
|  89|0x0000000617400000, 0x0000000617400000, 0x0000000617800000|  0%| F|  |TAMS 0x0000000617400000, 0x0000000617400000| Untracked 
|  90|0x0000000617800000, 0x0000000617800000, 0x0000000617c00000|  0%| F|  |TAMS 0x0000000617800000, 0x0000000617800000| Untracked 
|  91|0x0000000617c00000, 0x0000000617c00000, 0x0000000618000000|  0%| F|  |TAMS 0x0000000617c00000, 0x0000000617c00000| Untracked 
|  92|0x0000000618000000, 0x0000000618000000, 0x0000000618400000|  0%| F|  |TAMS 0x0000000618000000, 0x0000000618000000| Untracked 
|  93|0x0000000618400000, 0x0000000618400000, 0x0000000618800000|  0%| F|  |TAMS 0x0000000618400000, 0x0000000618400000| Untracked 
|  94|0x0000000618800000, 0x0000000618800000, 0x0000000618c00000|  0%| F|  |TAMS 0x0000000618800000, 0x0000000618800000| Untracked 
|  95|0x0000000618c00000, 0x0000000618c00000, 0x0000000619000000|  0%| F|  |TAMS 0x0000000618c00000, 0x0000000618c00000| Untracked 
|  96|0x0000000619000000, 0x0000000619000000, 0x0000000619400000|  0%| F|  |TAMS 0x0000000619000000, 0x0000000619000000| Untracked 
|  97|0x0000000619400000, 0x0000000619400000, 0x0000000619800000|  0%| F|  |TAMS 0x0000000619400000, 0x0000000619400000| Untracked 
|  98|0x0000000619800000, 0x0000000619800000, 0x0000000619c00000|  0%| F|  |TAMS 0x0000000619800000, 0x0000000619800000| Untracked 
|  99|0x0000000619c00000, 0x0000000619c00000, 0x000000061a000000|  0%| F|  |TAMS 0x0000000619c00000, 0x0000000619c00000| Untracked 
| 100|0x000000061a000000, 0x000000061a000000, 0x000000061a400000|  0%| F|  |TAMS 0x000000061a000000, 0x000000061a000000| Untracked 
| 101|0x000000061a400000, 0x000000061a400000, 0x000000061a800000|  0%| F|  |TAMS 0x000000061a400000, 0x000000061a400000| Untracked 
| 102|0x000000061a800000, 0x000000061a800000, 0x000000061ac00000|  0%| F|  |TAMS 0x000000061a800000, 0x000000061a800000| Untracked 
| 103|0x000000061ac00000, 0x000000061ac00000, 0x000000061b000000|  0%| F|  |TAMS 0x000000061ac00000, 0x000000061ac00000| Untracked 
| 104|0x000000061b000000, 0x000000061b000000, 0x000000061b400000|  0%| F|  |TAMS 0x000000061b000000, 0x000000061b000000| Untracked 
| 105|0x000000061b400000, 0x000000061b400000, 0x000000061b800000|  0%| F|  |TAMS 0x000000061b400000, 0x000000061b400000| Untracked 
| 106|0x000000061b800000, 0x000000061b800000, 0x000000061bc00000|  0%| F|  |TAMS 0x000000061b800000, 0x000000061b800000| Untracked 
| 107|0x000000061bc00000, 0x000000061bc00000, 0x000000061c000000|  0%| F|  |TAMS 0x000000061bc00000, 0x000000061bc00000| Untracked 
| 108|0x000000061c000000, 0x000000061c000000, 0x000000061c400000|  0%| F|  |TAMS 0x000000061c000000, 0x000000061c000000| Untracked 
| 109|0x000000061c400000, 0x000000061c400000, 0x000000061c800000|  0%| F|  |TAMS 0x000000061c400000, 0x000000061c400000| Untracked 
| 110|0x000000061c800000, 0x000000061c800000, 0x000000061cc00000|  0%| F|  |TAMS 0x000000061c800000, 0x000000061c800000| Untracked 
| 111|0x000000061cc00000, 0x000000061cc00000, 0x000000061d000000|  0%| F|  |TAMS 0x000000061cc00000, 0x000000061cc00000| Untracked 
| 112|0x000000061d000000, 0x000000061d000000, 0x000000061d400000|  0%| F|  |TAMS 0x000000061d000000, 0x000000061d000000| Untracked 
| 113|0x000000061d400000, 0x000000061d400000, 0x000000061d800000|  0%| F|  |TAMS 0x000000061d400000, 0x000000061d400000| Untracked 
| 114|0x000000061d800000, 0x000000061d800000, 0x000000061dc00000|  0%| F|  |TAMS 0x000000061d800000, 0x000000061d800000| Untracked 
| 115|0x000000061dc00000, 0x000000061dc00000, 0x000000061e000000|  0%| F|  |TAMS 0x000000061dc00000, 0x000000061dc00000| Untracked 
| 116|0x000000061e000000, 0x000000061e000000, 0x000000061e400000|  0%| F|  |TAMS 0x000000061e000000, 0x000000061e000000| Untracked 
| 117|0x000000061e400000, 0x000000061e400000, 0x000000061e800000|  0%| F|  |TAMS 0x000000061e400000, 0x000000061e400000| Untracked 
| 118|0x000000061e800000, 0x000000061e800000, 0x000000061ec00000|  0%| F|  |TAMS 0x000000061e800000, 0x000000061e800000| Untracked 
| 119|0x000000061ec00000, 0x000000061ec00000, 0x000000061f000000|  0%| F|  |TAMS 0x000000061ec00000, 0x000000061ec00000| Untracked 
| 120|0x000000061f000000, 0x000000061f000000, 0x000000061f400000|  0%| F|  |TAMS 0x000000061f000000, 0x000000061f000000| Untracked 
| 121|0x000000061f400000, 0x000000061f400000, 0x000000061f800000|  0%| F|  |TAMS 0x000000061f400000, 0x000000061f400000| Untracked 
| 122|0x000000061f800000, 0x000000061f800000, 0x000000061fc00000|  0%| F|  |TAMS 0x000000061f800000, 0x000000061f800000| Untracked 
| 123|0x000000061fc00000, 0x000000061fc00000, 0x0000000620000000|  0%| F|  |TAMS 0x000000061fc00000, 0x000000061fc00000| Untracked 
| 124|0x0000000620000000, 0x0000000620000000, 0x0000000620400000|  0%| F|  |TAMS 0x0000000620000000, 0x0000000620000000| Untracked 
| 125|0x0000000620400000, 0x0000000620400000, 0x0000000620800000|  0%| F|  |TAMS 0x0000000620400000, 0x0000000620400000| Untracked 
| 126|0x0000000620800000, 0x0000000620800000, 0x0000000620c00000|  0%| F|  |TAMS 0x0000000620800000, 0x0000000620800000| Untracked 
| 127|0x0000000620c00000, 0x0000000620f5c4c8, 0x0000000621000000| 84%| E|  |TAMS 0x0000000620c00000, 0x0000000620c00000| Complete 

Card table byte_map: [0x000001f34f3b0000,0x000001f3503b0000] _byte_map_base: 0x000001f34c3a8000

Marking Bits (Prev, Next): (CMBitMap*) 0x000001f337987740, (CMBitMap*) 0x000001f337987780
 Prev Bits: [0x000001f3513b0000, 0x000001f359370000)
 Next Bits: [0x000001f359370000, 0x000001f361330000)

Polling page: 0x000001f335910000

Metaspace:

Usage:
  Non-class:      1.13 MB used.
      Class:     81.03 KB used.
       Both:      1.20 MB used.

Virtual space:
  Non-class space:        8.00 MB reserved,       1.19 MB ( 15%) committed,  1 nodes.
      Class space:        1.00 GB reserved,     128.00 KB ( <1%) committed,  1 nodes.
              Both:        1.01 GB reserved,       1.31 MB ( <1%) committed. 

Chunk freelists:
   Non-Class:  3.52 MB
       Class:  3.70 MB
        Both:  7.22 MB

MaxMetaspaceSize: 17179869184.00 GB
CompressedClassSpaceSize: 1.00 GB
 - commit_granule_bytes: 65536.
 - commit_granule_words: 8192.
 - virtual_space_node_default_size: 1048576.
 - enlarge_chunks_in_place: 1.
 - new_chunks_are_fully_committed: 0.
 - uncommit_free_chunks: 1.
 - use_allocation_guard: 0.
 - handle_deallocations: 1.


Internal statistics:

num_allocs_failed_limit: 0.
num_arena_births: 8.
num_arena_deaths: 0.
num_vsnodes_births: 2.
num_vsnodes_deaths: 0.
num_space_committed: 21.
num_space_uncommitted: 0.
num_chunks_returned_to_freelist: 0.
num_chunks_taken_from_freelist: 33.
num_chunk_merges: 0.
num_chunk_splits: 21.
num_chunks_enlarged: 20.
num_purges: 0.

CodeHeap 'non-profiled nmethods': size=120000Kb used=66Kb max_used=66Kb free=119933Kb
 bounds [0x000001f346b50000, 0x000001f346dc0000, 0x000001f34e080000]
CodeHeap 'profiled nmethods': size=120000Kb used=461Kb max_used=461Kb free=119538Kb
 bounds [0x000001f33f620000, 0x000001f33f890000, 0x000001f346b50000]
CodeHeap 'non-nmethods': size=5760Kb used=1264Kb max_used=1280Kb free=4495Kb
 bounds [0x000001f33f080000, 0x000001f33f2f0000, 0x000001f33f620000]
 total_blobs=859 nmethods=275 adapters=497
 compilation: enabled
              stopped_count=0, restarted_count=0
 full_count=0

Compilation events (20 events):
Event: 0.218 Thread 0x000001f364808140 nmethod 260 0x000001f33f67e110 code [0x000001f33f67e2c0, 0x000001f33f67e4c8]
Event: 0.218 Thread 0x000001f364808140  255       3       java.net.URL::<init> (8 bytes)
Event: 0.218 Thread 0x000001f364808140 nmethod 255 0x000001f33f67e590 code [0x000001f33f67e740, 0x000001f33f67e888]
Event: 0.218 Thread 0x000001f364808140  257       3       java.net.URLStreamHandler::setURL (73 bytes)
Event: 0.218 Thread 0x000001f363da9000 nmethod 258 0x000001f346b5f490 code [0x000001f346b5f620, 0x000001f346b5f838]
Event: 0.218 Thread 0x000001f363da9000  264 %     4       java.lang.StringLatin1::indexOf @ 14 (121 bytes)
Event: 0.220 Thread 0x000001f364808140 nmethod 257 0x000001f33f67e910 code [0x000001f33f67ec00, 0x000001f33f67fa38]
Event: 0.220 Thread 0x000001f364808140  262       3       java.lang.String::indexOf (18 bytes)
Event: 0.220 Thread 0x000001f364808140 nmethod 262 0x000001f33f67ff90 code [0x000001f33f680160, 0x000001f33f680428]
Event: 0.220 Thread 0x000001f364808140  263       3       java.lang.String::indexOf (113 bytes)
Event: 0.220 Thread 0x000001f364808140 nmethod 263 0x000001f33f680590 code [0x000001f33f6807c0, 0x000001f33f680de8]
Event: 0.220 Thread 0x000001f364808140  265       3       java.io.RandomAccessFile::read (8 bytes)
Event: 0.221 Thread 0x000001f364808140 nmethod 265 0x000001f33f680f90 code [0x000001f33f681140, 0x000001f33f681288]
Event: 0.221 Thread 0x000001f364808140  267       1       java.security.CodeSource::getLocation (5 bytes)
Event: 0.221 Thread 0x000001f364808140 nmethod 267 0x000001f346b5fd90 code [0x000001f346b5ff20, 0x000001f346b5fff8]
Event: 0.221 Thread 0x000001f364808140  268       3       java.lang.String::toString (2 bytes)
Event: 0.221 Thread 0x000001f364808140 nmethod 268 0x000001f33f681390 code [0x000001f33f681520, 0x000001f33f681638]
Event: 0.222 Thread 0x000001f364808140  269       3       sun.net.www.protocol.file.Handler::parseURL (18 bytes)
Event: 0.222 Thread 0x000001f364808140 nmethod 269 0x000001f33f681710 code [0x000001f33f6818c0, 0x000001f33f681a78]
Event: 0.222 Thread 0x000001f364808140  270       3       java.net.URLStreamHandler::parseURL (1201 bytes)

GC Heap History (0 events):
No events

Deoptimization events (2 events):
Event: 0.215 Thread 0x000001f337910aa0 DEOPT PACKING pc=0x000001f33f634c67 sp=0x000000ae203fd260
Event: 0.215 Thread 0x000001f337910aa0 DEOPT UNPACKING pc=0x000001f33f0cdece sp=0x000000ae203fc680 mode 0

Classes unloaded (0 events):
No events

Classes redefined (0 events):
No events

Internal exceptions (2 events):
Event: 0.098 Thread 0x000001f337910aa0 Exception <a 'java/lang/NoSuchMethodError'{0x0000000620e60e58}: 'void java.lang.invoke.DirectMethodHandle$Holder.invokeStatic(java.lang.Object, java.lang.Object, java.lang.Object)'> (0x0000000620e60e58) 
thrown [t:\workspace\open\src\hotspot\share\interpreter\linkResolver.cpp, line 790]
Event: 0.119 Thread 0x000001f337910aa0 Exception <a 'sun/nio/fs/WindowsException'{0x0000000620ec1d98}> (0x0000000620ec1d98) 
thrown [t:\workspace\open\src\hotspot\share\prims\jni.cpp, line 579]

Events (20 events):
Event: 0.122 loading class java/nio/channels/Channels$1 done
Event: 0.122 loading class java/nio/channels/SelectableChannel
Event: 0.122 loading class java/nio/channels/SelectableChannel done
Event: 0.122 loading class sun/nio/ch/NativeThread
Event: 0.122 loading class sun/nio/ch/NativeThread done
Event: 0.122 loading class sun/nio/ch/Util
Event: 0.122 loading class sun/nio/ch/Util done
Event: 0.122 loading class sun/nio/ch/Util$1
Event: 0.122 loading class sun/nio/ch/Util$1 done
Event: 0.122 loading class sun/nio/ch/Util$BufferCache
Event: 0.122 loading class sun/nio/ch/Util$BufferCache done
Event: 0.122 loading class java/nio/DirectByteBuffer$Deallocator
Event: 0.122 loading class java/nio/DirectByteBuffer$Deallocator done
Event: 0.123 loading class sun/nio/ch/IOStatus
Event: 0.123 loading class sun/nio/ch/IOStatus done
Event: 0.169 loading class java/io/DeleteOnExitHook
Event: 0.170 loading class java/io/DeleteOnExitHook done
Event: 0.170 loading class java/io/DeleteOnExitHook$1
Event: 0.170 loading class java/io/DeleteOnExitHook$1 done
Event: 0.209 Loaded shared library C:\Users\greg4\AppData\Local\Temp\imgui-java-natives_1636776207548\imgui-java64.dll


Dynamic libraries:
0x00007ff671b00000 - 0x00007ff671b0e000 	C:\Users\greg4\.jdks\openjdk-16.0.2\bin\java.exe
0x00007ffa9bab0000 - 0x00007ffa9bca5000 	C:\WINDOWS\SYSTEM32\ntdll.dll
0x00007ffa99b60000 - 0x00007ffa99c1e000 	C:\WINDOWS\System32\KERNEL32.DLL
0x00007ffa99520000 - 0x00007ffa997e9000 	C:\WINDOWS\System32\KERNELBASE.dll
0x00007ffa992e0000 - 0x00007ffa993e0000 	C:\WINDOWS\System32\ucrtbase.dll
0x00007ffa79460000 - 0x00007ffa79479000 	C:\Users\greg4\.jdks\openjdk-16.0.2\bin\VCRUNTIME140.dll
0x00007ffa795e0000 - 0x00007ffa795f8000 	C:\Users\greg4\.jdks\openjdk-16.0.2\bin\jli.dll
0x00007ffa99c20000 - 0x00007ffa99dc1000 	C:\WINDOWS\System32\USER32.dll
0x00007ffa997f0000 - 0x00007ffa99812000 	C:\WINDOWS\System32\win32u.dll
0x00007ffa8cc10000 - 0x00007ffa8ceaa000 	C:\WINDOWS\WinSxS\amd64_microsoft.windows.common-controls_6595b64144ccf1df_6.0.19041.1110_none_60b5254171f9507e\COMCTL32.dll
0x00007ffa9af80000 - 0x00007ffa9afab000 	C:\WINDOWS\System32\GDI32.dll
0x00007ffa9a570000 - 0x00007ffa9a60e000 	C:\WINDOWS\System32\msvcrt.dll
0x00007ffa99410000 - 0x00007ffa9951b000 	C:\WINDOWS\System32\gdi32full.dll
0x00007ffa99820000 - 0x00007ffa998bd000 	C:\WINDOWS\System32\msvcp_win.dll
0x00007ffa9a740000 - 0x00007ffa9a770000 	C:\WINDOWS\System32\IMM32.DLL
0x00007ffa88e70000 - 0x00007ffa88e7c000 	C:\Users\greg4\.jdks\openjdk-16.0.2\bin\vcruntime140_1.dll
0x00007ffa6b9c0000 - 0x00007ffa6ba51000 	C:\Users\greg4\.jdks\openjdk-16.0.2\bin\msvcp140.dll
0x00007ff9f9ef0000 - 0x00007ff9faa9b000 	C:\Users\greg4\.jdks\openjdk-16.0.2\bin\server\jvm.dll
0x00007ffa9a980000 - 0x00007ffa9aa2c000 	C:\WINDOWS\System32\ADVAPI32.dll
0x00007ffa9afb0000 - 0x00007ffa9b04b000 	C:\WINDOWS\System32\sechost.dll
0x00007ffa9b480000 - 0x00007ffa9b5aa000 	C:\WINDOWS\System32\RPCRT4.dll
0x00007ffa9af70000 - 0x00007ffa9af78000 	C:\WINDOWS\System32\PSAPI.DLL
0x00007ffa88530000 - 0x00007ffa88557000 	C:\WINDOWS\SYSTEM32\WINMM.dll
0x00007ffa93220000 - 0x00007ffa93229000 	C:\WINDOWS\SYSTEM32\WSOCK32.dll
0x00007ffa921c0000 - 0x00007ffa921ca000 	C:\WINDOWS\SYSTEM32\VERSION.dll
0x00007ffa9b050000 - 0x00007ffa9b0bb000 	C:\WINDOWS\System32\WS2_32.dll
0x00007ffa97a10000 - 0x00007ffa97a22000 	C:\WINDOWS\SYSTEM32\kernel.appcore.dll
0x00007ffa842f0000 - 0x00007ffa842fa000 	C:\Users\greg4\.jdks\openjdk-16.0.2\bin\jimage.dll
0x00007ffa96f10000 - 0x00007ffa970f4000 	C:\WINDOWS\SYSTEM32\DBGHELP.DLL
0x00007ffa90980000 - 0x00007ffa909ac000 	C:\WINDOWS\SYSTEM32\dbgcore.DLL
0x00007ffa99a70000 - 0x00007ffa99af3000 	C:\WINDOWS\System32\bcryptPrimitives.dll
0x00007ffa74ed0000 - 0x00007ffa74ef5000 	C:\Users\greg4\.jdks\openjdk-16.0.2\bin\java.dll
0x00007ffa99dd0000 - 0x00007ffa9a50f000 	C:\WINDOWS\System32\SHELL32.dll
0x00007ffa97270000 - 0x00007ffa97a00000 	C:\WINDOWS\SYSTEM32\windows.storage.dll
0x00007ffa9b690000 - 0x00007ffa9b9e5000 	C:\WINDOWS\System32\combase.dll
0x00007ffa98c20000 - 0x00007ffa98c4c000 	C:\WINDOWS\SYSTEM32\Wldp.dll
0x00007ffa9b170000 - 0x00007ffa9b21d000 	C:\WINDOWS\System32\SHCORE.dll
0x00007ffa9a510000 - 0x00007ffa9a565000 	C:\WINDOWS\System32\shlwapi.dll
0x00007ffa99110000 - 0x00007ffa9912f000 	C:\WINDOWS\SYSTEM32\profapi.dll
0x00007ffa75360000 - 0x00007ffa75379000 	C:\Users\greg4\.jdks\openjdk-16.0.2\bin\net.dll
0x00007ffa8e7f0000 - 0x00007ffa8e8f8000 	C:\WINDOWS\SYSTEM32\WINHTTP.dll
0x00007ffa98930000 - 0x00007ffa9899a000 	C:\WINDOWS\system32\mswsock.dll
0x00007ffa74500000 - 0x00007ffa74513000 	C:\Users\greg4\.jdks\openjdk-16.0.2\bin\nio.dll
0x00007ffa74480000 - 0x00007ffa74498000 	C:\Users\greg4\.jdks\openjdk-16.0.2\bin\zip.dll
0x0000000064a00000 - 0x00000000657b1000 	C:\Users\greg4\AppData\Local\Temp\imgui-java-natives_1636776207548\imgui-java64.dll

dbghelp: loaded successfully - version: 4.0.5 - missing functions: none
symbol engine: initialized successfully - sym options: 0x614 - pdb path: .;C:\Users\greg4\.jdks\openjdk-16.0.2\bin;C:\WINDOWS\SYSTEM32;C:\WINDOWS\WinSxS\amd64_microsoft.windows.common-controls_6595b64144ccf1df_6.0.19041.1110_none_60b5254171f9507e;C:\Users\greg4\.jdks\openjdk-16.0.2\bin\server;C:\Users\greg4\AppData\Local\Temp\imgui-java-natives_1636776207548

VM Arguments:
jvm_args: -Dfile.encoding=windows-1252 -Duser.country=US -Duser.language=en -Duser.variant 
java_command: application.desktop.DesktopApplication
java_class_path (initial): C:\Users\greg4\Documents\UofT\CSC207\course-project-circus\build\classes\java\main;C:\Users\greg4\Documents\UofT\CSC207\course-project-circus\build\resources\main;C:\Users\greg4\.gradle\caches\modules-2\files-2.1\io.github.spair\imgui-java-app\1.84.1.3\c7f2adbb406354377182fea74b107d8c4f8b1d0\imgui-java-app-1.84.1.3.jar;C:\Users\greg4\.gradle\caches\modules-2\files-2.1\io.github.spair\imgui-java-lwjgl3\1.84.1.3\25274d30db97c52a5c31dde1f668c728a67e558f\imgui-java-lwjgl3-1.84.1.3.jar;C:\Users\greg4\.gradle\caches\modules-2\files-2.1\org.lwjgl\lwjgl-assimp\3.2.3\f62aa07a20afbdd3097efc296c4841e0d29700eb\lwjgl-assimp-3.2.3.jar;C:\Users\greg4\.gradle\caches\modules-2\files-2.1\org.lwjgl\lwjgl-assimp\3.2.3\4e60aeb75f0343c4a9ede4ef8b6b32ca702a00a3\lwjgl-assimp-3.2.3-natives-windows.jar;C:\Users\greg4\.gradle\caches\modules-2\files-2.1\org.lwjgl\lwjgl-glfw\3.2.3\5e520d5c290c8b012545a8d34fa5db5ab051ea53\lwjgl-glfw-3.2.3.jar;C:\Users\greg4\.gradle\caches\modules-2\files-2.1\org.lwjgl\lwjgl-glfw\3.2.3\b4d8a3477cdc2edcf7a5f1e822926be846223f54\lwjgl-glfw-3.2.3-natives-windows.jar;C:\Users\greg4\.gradle\caches\modules-2\files-2.1\org.lwjgl\lwjgl-glfw\3.2.3\62b044d9b0a057444bef2ab70b9afc288ec09dba\lwjgl-glfw-3.2.3-natives-linux.jar;C:\Users\greg4\.gradle\caches\modules-2\files-2.1\org.lwjgl\lwjgl-glfw\3.2.3\58661272eacb9116336c88b4aadccf1f17c09b\lwjgl-glfw-3.2.3-natives-macos.jar;C:\Users\greg4\.gradle\caches\modules-2\files-2.1\org.lwjgl\lwjgl-openal\3.2.3\106742e805803ab9eab8e343f0fb31a3d263903c\lwjgl-openal-3.2.3.jar;C:\Users\greg4\.gradle\caches\modules-2\files-2.1\org.lwjgl\lwjgl-openal\3.2.3\ec898e8ce11b5886f4f532a1536283ef2817758d\lwjgl-openal-3.2.3-natives-windows.jar;C:\Users\greg4\.gradle\caches\modules-2\files-2.1\org.lwjgl\lwjgl-opengl\3.2.3\bdd534a323d0c8f54969b95e424b6ac8984f7d6e\lwjgl-opengl-3.2.3.jar;C:\Users\greg4\.gradle\caches\modules-2\files-2.1\org.lwjgl\lwjgl-opengl\3.2.3\e81cfc73ec8708e5e791ed770e4ec3edfc1bbab1\lwjgl-opengl-3.2.3-n
Launcher Type: SUN_STANDARD

[Global flags]
     intx CICompilerCount                          = 4                                         {product} {ergonomic}
     uint ConcGCThreads                            = 2                                         {product} {ergonomic}
     uint G1ConcRefinementThreads                  = 8                                         {product} {ergonomic}
   size_t G1HeapRegionSize                         = 4194304                                   {product} {ergonomic}
    uintx GCDrainStackTargetSize                   = 64                                        {product} {ergonomic}
   size_t InitialHeapSize                          = 536870912                                 {product} {ergonomic}
   size_t MarkStackSize                            = 4194304                                   {product} {ergonomic}
   size_t MaxHeapSize                              = 8573157376                                {product} {ergonomic}
   size_t MaxNewSize                               = 5142216704                                {product} {ergonomic}
   size_t MinHeapDeltaBytes                        = 4194304                                   {product} {ergonomic}
   size_t MinHeapSize                              = 8388608                                   {product} {ergonomic}
    uintx NonNMethodCodeHeapSize                   = 5839372                                {pd product} {ergonomic}
    uintx NonProfiledCodeHeapSize                  = 122909434                              {pd product} {ergonomic}
    uintx ProfiledCodeHeapSize                     = 122909434                              {pd product} {ergonomic}
    uintx ReservedCodeCacheSize                    = 251658240                              {pd product} {ergonomic}
     bool SegmentedCodeCache                       = true                                      {product} {ergonomic}
   size_t SoftMaxHeapSize                          = 8573157376                             {manageable} {ergonomic}
     bool UseCompressedClassPointers               = true                           {product lp64_product} {ergonomic}
     bool UseCompressedOops                        = true                           {product lp64_product} {ergonomic}
     bool UseG1GC                                  = true                                      {product} {ergonomic}
     bool UseLargePagesIndividualAllocation        = false                                  {pd product} {ergonomic}

Logging:
Log output configuration:
 #0: stdout all=warning uptime,level,tags
 #1: stderr all=off uptime,level,tags

Environment Variables:
PATH=C:\Program Files (x86)\Common Files\Oracle\Java\javapath;C:\Users\greg4\AppData\Local\Programs\Python\Python39\Scripts\;C:\Users\greg4\AppData\Local\Programs\Python\Python39\;C:\Program Files\NVIDIA GPU Computing Toolkit\CUDA\v10.0\bin;C:\Program Files\NVIDIA GPU Computing Toolkit\CUDA\v10.0\libnvvp;C:\Program Files\NVIDIA GPU Computing Toolkit\CUDA\v10.1\bin;C:\Program Files\NVIDIA GPU Computing Toolkit\CUDA\v10.1\libnvvp;C:\Program Files\NVIDIA GPU Computing Toolkit\CUDA\v11.3\bin;C:\Program Files\NVIDIA GPU Computing Toolkit\CUDA\v11.3\libnvvp;C:\WINDOWS\system32;C:\WINDOWS;C:\WINDOWS\System32\Wbem;C:\WINDOWS\System32\WindowsPowerShell\v1.0\;C:\WINDOWS\System32\OpenSSH\;C:\Program Files\NVIDIA Corporation\NVIDIA NvDLISR;C:\Program Files (x86)\NVIDIA Corporation\PhysX\Common;C:\Program Files\dotnet\;C:\Program Files\Git\cmd;C:\Program Files\nodejs\;C:\ProgramData\chocolatey\bin;C:\Users\greg4\AppData\Local\Microsoft\WindowsApps;C:\Users\greg4\AppData\Local\Programs\Microsoft VS Code\bin;C:\Program Files (x86)\sox-14-4-2;C:\Users\greg4\.dotnet\tools;C:\Program Files (x86)\eSpeak\command_line;C:\Program Files\ffmpeg\bin;C:\Users\greg4\AppData\Roaming\npm;C:\Program Files\JetBrains\IntelliJ IDEA 2021.2.1\bin;
USERNAME=Shon
OS=Windows_NT
PROCESSOR_IDENTIFIER=Intel64 Family 6 Model 94 Stepping 3, GenuineIntel



---------------  S Y S T E M  ---------------

OS:
 Windows 10 , 64 bit Build 19041 (10.0.19041.1202)
OS uptime: 21 days 10:23 hours
Hyper-V role detected

CPU: total 8 (initial active 8) (4 cores per cpu, 2 threads per core) family 6 model 94 stepping 3 microcode 0xcc, cx8, cmov, fxsr, ht, mmx, 3dnowpref, sse, sse2, sse3, ssse3, sse4.1, sse4.2, popcnt, lzcnt, tsc, tscinvbit, avx, avx2, aes, erms, clmul, bmi1, bmi2, rtm, adx, fma, vzeroupper, clflush, clflushopt, hv

Memory: 4k page, system-wide physical 32689M (16342M free)
TotalPageFile size 37553M (AvailPageFile size 8240M)
current process WorkingSet (physical memory assigned to process): 39M, peak: 39M
current process commit charge ("private bytes"): 623M, peak: 623M

vm_info: OpenJDK 64-Bit Server VM (16.0.2+7-67) for windows-amd64 JRE (16.0.2+7-67), built on Jun  8 2021 23:21:43 by "mach5one" with MS VC++ 16.7 (VS2019)

END.
