#
# A fatal error has been detected by the Java Runtime Environment:
#
#  EXCEPTION_ACCESS_VIOLATION (0xc0000005) at pc=0x0000000064a3b537, pid=9352, tid=39516
#
# JRE version: OpenJDK Runtime Environment (16.0.2+7) (build 16.0.2+7-67)
# Java VM: OpenJDK 64-Bit Server VM (16.0.2+7-67, mixed mode, sharing, tiered, compressed oops, compressed class ptrs, g1 gc, windows-amd64)
# Problematic frame:
# C  [imgui-java64.dll+0x3b537]
#
# No core dump will be written. Minidumps are not enabled by default on client versions of Windows
#
# If you would like to submit a bug report, please visit:
#   https://bugreport.java.com/bugreport/crash.jsp
# The crash happened outside the Java Virtual Machine in native code.
# See problematic frame for where to report the bug.
#

---------------  S U M M A R Y ------------

Command Line: -Dfile.encoding=windows-1252 -Duser.country=US -Duser.language=en -Duser.variant application.desktop.DesktopApplication

Host: Intel(R) Core(TM) i7-6700 CPU @ 3.40GHz, 8 cores, 31G,  Windows 10 , 64 bit Build 19041 (10.0.19041.1202)
Time: Sat Nov 13 16:30:56 2021 Eastern Standard Time elapsed time: 0.215079 seconds (0d 0h 0m 0s)

---------------  T H R E A D  ---------------

Current thread (0x000001d81fbcfa50):  JavaThread "main" [_thread_in_native, id=39516, stack(0x0000003f91900000,0x0000003f91a00000)]

Stack: [0x0000003f91900000,0x0000003f91a00000],  sp=0x0000003f919ff0b8,  free space=1020k
Native frames: (J=compiled Java code, j=interpreted, Vv=VM code, C=native code)
C  [imgui-java64.dll+0x3b537]

Java frames: (J=compiled Java code, j=interpreted, Vv=VM code)
j  imgui.ImGui.getContentRegionAvailX()F+0
j  application.desktop.ui.components.WarehouseCanvas.<init>(Lwarehouse/Warehouse;Lapplication/desktop/ui/components/WarehouseCanvasColourScheme;FFFFFFZ)V+86
j  application.desktop.ui.components.WarehouseCanvas.<init>(Lwarehouse/Warehouse;)V+18
j  application.desktop.ui.components.WarehouseEditorPanel.<init>(Lwarehouse/Warehouse;)V+22
j  application.desktop.DesktopApplication.<init>()V+47
j  application.desktop.DesktopApplication.main([Ljava/lang/String;)V+4
v  ~StubRoutines::call_stub

siginfo: EXCEPTION_ACCESS_VIOLATION (0xc0000005), reading address 0x0000000000001d10


Register to memory mapping:

RIP=0x0000000064a3b537 imgui-java64.dll
RAX=0x0000000064a6ce70 imgui-java64.dll
RBX={method} {0x000001d84c839f40} 'getContentRegionAvailX' '()F' in 'imgui/ImGui'
RCX=0x000001d81fbcfd60 points into unknown readable memory: 0x00007ffa213d33d0 | d0 33 3d 21 fa 7f 00 00
RDX=0x0 is NULL
RSP=0x0000003f919ff0b8 is pointing into the stack for thread: 0x000001d81fbcfa50
RBP=0x0000003f919ff160 is pointing into the stack for thread: 0x000001d81fbcfa50
RSI=0x0 is NULL
RDI=0x0000000000001ec0 is an unknown value
R8 =0x0000000000000002 is an unknown value
R9 =0x0000000000000002 is an unknown value
R10=0x000001d82734dcf3 is at code_begin+979 in an Interpreter codelet
method entry point (kind = native)  [0x000001d82734d920, 0x000001d82734e300]  2528 bytes
R11=0x0000000620ed0cd8 is an oop: java.lang.Class 
{0x0000000620ed0cd8} - klass: 'java/lang/Class'
R12=0x0 is NULL
R13={method} {0x000001d84c839f40} 'getContentRegionAvailX' '()F' in 'imgui/ImGui'
R14=0x0000003f919ff178 is pointing into the stack for thread: 0x000001d81fbcfa50
R15=0x000001d81fbcfa50 is a thread


Registers:
RAX=0x0000000064a6ce70, RBX=0x000001d84c839f38, RCX=0x000001d81fbcfd60, RDX=0x0000000000000000
RSP=0x0000003f919ff0b8, RBP=0x0000003f919ff160, RSI=0x0000000000000000, RDI=0x0000000000001ec0
R8 =0x0000000000000002, R9 =0x0000000000000002, R10=0x000001d82734dcf3, R11=0x0000000620ed0cd8
R12=0x0000000000000000, R13=0x000001d84c839f38, R14=0x0000003f919ff178, R15=0x000001d81fbcfa50
RIP=0x0000000064a3b537, EFLAGS=0x0000000000010206

Top of Stack: (sp=0x0000003f919ff0b8)
0x0000003f919ff0b8:   0000000064a6ce79 000001d81fbcfa00
0x0000003f919ff0c8:   000001d84c839f38 000001d84c839f38
0x0000003f919ff0d8:   00000000000000b5 0000000000001ec0
0x0000003f919ff0e8:   000001d82734dd22 000001d84c839f38
0x0000003f919ff0f8:   0000000000000000 0000000620e9dda0
0x0000003f919ff108:   0000003f919ff108 000001d82734d9d6
0x0000003f919ff118:   0000003f919ff118 000001d84c839f38
0x0000003f919ff128:   0000003f919ff178 000001d84c860000
0x0000003f919ff138:   0000000000000000 0000000620ed0cd8
0x0000003f919ff148:   000001d84c839f38 0000000000000000
0x0000003f919ff158:   0000003f919ff180 0000003f919ff1d0
0x0000003f919ff168:   000001d82734959c 0000000620ed0cd8
0x0000003f919ff178:   000001d82734b2d9 0000000620c16810
0x0000003f919ff188:   0000003f919ff188 000001d84c82f226
0x0000003f919ff198:   0000003f919ff228 000001d84c82ae10
0x0000003f919ff1a8:   0000000000000000 0000000620e9be10 

Instructions: (pc=0x0000000064a3b537)
0x0000000064a3b437:   f3 0f 10 80 70 16 00 00 f3 0f 58 c0 f3 0f 58 80
0x0000000064a3b447:   78 1a 00 00 f3 0f 58 80 80 16 00 00 c3 66 66 2e
0x0000000064a3b457:   0f 1f 84 00 00 00 00 00 90 48 8b 15 c1 0c 52 00
0x0000000064a3b467:   48 8b 82 10 1d 00 00 48 83 b8 b0 01 00 00 00 f3
0x0000000064a3b477:   0f 10 88 74 02 00 00 f3 0f 10 50 48 f3 0f 5c 48
0x0000000064a3b487:   4c 74 26 f3 0f 10 80 40 02 00 00 f3 0f 5c c2 66
0x0000000064a3b497:   0f 7e c8 48 89 c2 48 c1 e2 20 66 0f 7e c0 48 09
0x0000000064a3b4a7:   d0 c3 0f 1f 80 00 00 00 00 48 83 ba 98 21 00 00
0x0000000064a3b4b7:   00 f3 0f 10 80 70 02 00 00 75 c8 eb ce 66 66 2e
0x0000000064a3b4c7:   0f 1f 84 00 00 00 00 00 90 48 8b 15 51 0c 52 00
0x0000000064a3b4d7:   48 8b 82 10 1d 00 00 48 83 b8 b0 01 00 00 00 f3
0x0000000064a3b4e7:   0f 10 88 74 02 00 00 74 20 f3 0f 10 80 40 02 00
0x0000000064a3b4f7:   00 66 0f 7e c8 48 89 c2 66 0f 7e c0 48 c1 e2 20
0x0000000064a3b507:   48 09 d0 c3 0f 1f 44 00 00 48 83 ba 98 21 00 00
0x0000000064a3b517:   00 f3 0f 10 80 70 02 00 00 75 ce eb d4 66 66 2e
0x0000000064a3b527:   0f 1f 84 00 00 00 00 00 90 48 8b 15 f1 0b 52 00
0x0000000064a3b537:   48 8b 82 10 1d 00 00 48 83 b8 b0 01 00 00 00 f3
0x0000000064a3b547:   0f 10 88 74 02 00 00 74 30 f3 0f 10 80 40 02 00
0x0000000064a3b557:   00 f3 0f 5c 88 14 01 00 00 f3 0f 5c 80 10 01 00
0x0000000064a3b567:   00 66 0f 7e c8 48 89 c2 66 0f 7e c0 48 c1 e2 20
0x0000000064a3b577:   48 09 d0 c3 0f 1f 44 00 00 48 83 ba 98 21 00 00
0x0000000064a3b587:   00 f3 0f 10 80 70 02 00 00 75 be eb c4 66 66 2e
0x0000000064a3b597:   0f 1f 84 00 00 00 00 00 90 48 8b 05 81 0b 52 00
0x0000000064a3b5a7:   48 8b 80 10 1d 00 00 f3 0f 10 88 6c 02 00 00 f3
0x0000000064a3b5b7:   0f 5c 48 4c f3 0f 10 80 68 02 00 00 f3 0f 5c 40
0x0000000064a3b5c7:   48 66 0f 7e c8 48 89 c2 66 0f 7e c0 48 c1 e2 20
0x0000000064a3b5d7:   48 09 d0 c3 0f 1f 44 00 00 48 8b 05 41 0b 52 00
0x0000000064a3b5e7:   48 8b 80 10 1d 00 00 f3 0f 10 88 74 02 00 00 f3
0x0000000064a3b5f7:   0f 5c 48 4c f3 0f 10 80 70 02 00 00 f3 0f 5c 40
0x0000000064a3b607:   48 66 0f 7e c8 48 89 c2 66 0f 7e c0 48 c1 e2 20
0x0000000064a3b617:   48 09 d0 c3 0f 1f 44 00 00 48 8b 05 01 0b 52 00
0x0000000064a3b627:   48 8b 80 10 1d 00 00 f3 0f 10 80 70 02 00 00 f3 


Stack slot to memory mapping:
stack at sp + 0 slots: 0x0000000064a6ce79 imgui-java64.dll
stack at sp + 1 slots: 0x000001d81fbcfa00 points into unknown readable memory: 0x0000000000000000 | 00 00 00 00 00 00 00 00
stack at sp + 2 slots: {method} {0x000001d84c839f40} 'getContentRegionAvailX' '()F' in 'imgui/ImGui'
stack at sp + 3 slots: {method} {0x000001d84c839f40} 'getContentRegionAvailX' '()F' in 'imgui/ImGui'
stack at sp + 4 slots: 0x00000000000000b5 is an unknown value
stack at sp + 5 slots: 0x0000000000001ec0 is an unknown value
stack at sp + 6 slots: 0x000001d82734dd22 is at code_begin+1026 in an Interpreter codelet
method entry point (kind = native)  [0x000001d82734d920, 0x000001d82734e300]  2528 bytes
stack at sp + 7 slots: {method} {0x000001d84c839f40} 'getContentRegionAvailX' '()F' in 'imgui/ImGui'


---------------  P R O C E S S  ---------------

Threads class SMR info:
_java_thread_list=0x000001d84cd5bff0, length=12, elements={
0x000001d81fbcfa50, 0x000001d84c05a930, 0x000001d84c05c800, 0x000001d84c06d590,
0x000001d84c06e0a0, 0x000001d84c070bb0, 0x000001d84c0735c0, 0x000001d84c0743a0,
0x000001d84cc08140, 0x000001d84cc08f90, 0x000001d84cd3af80, 0x000001d84cd5e590
}

Java Threads: ( => current thread )
=>0x000001d81fbcfa50 JavaThread "main" [_thread_in_native, id=39516, stack(0x0000003f91900000,0x0000003f91a00000)]
  0x000001d84c05a930 JavaThread "Reference Handler" daemon [_thread_blocked, id=33868, stack(0x0000003f92000000,0x0000003f92100000)]
  0x000001d84c05c800 JavaThread "Finalizer" daemon [_thread_blocked, id=28288, stack(0x0000003f92100000,0x0000003f92200000)]
  0x000001d84c06d590 JavaThread "Signal Dispatcher" daemon [_thread_blocked, id=24196, stack(0x0000003f92200000,0x0000003f92300000)]
  0x000001d84c06e0a0 JavaThread "Attach Listener" daemon [_thread_blocked, id=27588, stack(0x0000003f92300000,0x0000003f92400000)]
  0x000001d84c070bb0 JavaThread "Service Thread" daemon [_thread_blocked, id=37060, stack(0x0000003f92400000,0x0000003f92500000)]
  0x000001d84c0735c0 JavaThread "Monitor Deflation Thread" daemon [_thread_blocked, id=39400, stack(0x0000003f92500000,0x0000003f92600000)]
  0x000001d84c0743a0 JavaThread "C2 CompilerThread0" daemon [_thread_blocked, id=38900, stack(0x0000003f92600000,0x0000003f92700000)]
  0x000001d84cc08140 JavaThread "C1 CompilerThread0" daemon [_thread_blocked, id=37972, stack(0x0000003f92700000,0x0000003f92800000)]
  0x000001d84cc08f90 JavaThread "Sweeper thread" daemon [_thread_blocked, id=34396, stack(0x0000003f92800000,0x0000003f92900000)]
  0x000001d84cd3af80 JavaThread "Notification Thread" daemon [_thread_blocked, id=20584, stack(0x0000003f92900000,0x0000003f92a00000)]
  0x000001d84cd5e590 JavaThread "Common-Cleaner" daemon [_thread_blocked, id=29976, stack(0x0000003f92b00000,0x0000003f92c00000)]

Other Threads:
  0x000001d84c0538d0 VMThread "VM Thread" [stack: 0x0000003f91f00000,0x0000003f92000000] [id=31244]
  0x000001d84cd5e100 WatcherThread [stack: 0x0000003f92a00000,0x0000003f92b00000] [id=34660]
  0x000001d81fc46230 GCTaskThread "GC Thread#0" [stack: 0x0000003f91a00000,0x0000003f91b00000] [id=32244]
  0x000001d81fc58200 ConcurrentGCThread "G1 Main Marker" [stack: 0x0000003f91b00000,0x0000003f91c00000] [id=11604]
  0x000001d81fc5a420 ConcurrentGCThread "G1 Conc#0" [stack: 0x0000003f91c00000,0x0000003f91d00000] [id=38420]
  0x000001d81fcad540 ConcurrentGCThread "G1 Refine#0" [stack: 0x0000003f91d00000,0x0000003f91e00000] [id=34436]
  0x000001d81fcadfc0 ConcurrentGCThread "G1 Service" [stack: 0x0000003f91e00000,0x0000003f91f00000] [id=2980]

Threads with active compile tasks:

VM state: not at safepoint (normal execution)

VM Mutex/Monitor currently owned by a thread: None

Heap address: 0x0000000601000000, size: 8176 MB, Compressed Oops mode: Zero based, Oop shift amount: 3

CDS archive(s) mapped at: [0x0000000800000000-0x0000000800bb0000-0x0000000800bb0000), size 12255232, SharedBaseAddress: 0x0000000800000000, ArchiveRelocationMode: 0.
Compressed class space mapped at: 0x0000000800c00000-0x0000000840c00000, reserved size: 1073741824
Narrow klass base: 0x0000000800000000, Narrow klass shift: 3, Narrow klass range: 0x100000000

GC Precious Log:
 CPUs: 8 total, 8 available
 Memory: 32689M
 Large Page Support: Disabled
 NUMA Support: Disabled
 Compressed Oops: Enabled (Zero based)
 Heap Region Size: 4M
 Heap Min Capacity: 8M
 Heap Initial Capacity: 512M
 Heap Max Capacity: 8176M
 Pre-touch: Disabled
 Parallel Workers: 8
 Concurrent Workers: 2
 Concurrent Refinement Workers: 8
 Periodic GC: Disabled

Heap:
 garbage-first heap   total 524288K, used 0K [0x0000000601000000, 0x0000000800000000)
  region size 4096K, 1 young (4096K), 0 survivors (0K)
 Metaspace       used 1285K, committed 1408K, reserved 1056768K
  class space    used 90K, committed 128K, reserved 1048576K

Heap Regions: E=young(eden), S=young(survivor), O=old, HS=humongous(starts), HC=humongous(continues), CS=collection set, F=free, OA=open archive, CA=closed archive, TAMS=top-at-mark-start (previous, next)
|   0|0x0000000601000000, 0x0000000601000000, 0x0000000601400000|  0%| F|  |TAMS 0x0000000601000000, 0x0000000601000000| Untracked 
|   1|0x0000000601400000, 0x0000000601400000, 0x0000000601800000|  0%| F|  |TAMS 0x0000000601400000, 0x0000000601400000| Untracked 
|   2|0x0000000601800000, 0x0000000601800000, 0x0000000601c00000|  0%| F|  |TAMS 0x0000000601800000, 0x0000000601800000| Untracked 
|   3|0x0000000601c00000, 0x0000000601c00000, 0x0000000602000000|  0%| F|  |TAMS 0x0000000601c00000, 0x0000000601c00000| Untracked 
|   4|0x0000000602000000, 0x0000000602000000, 0x0000000602400000|  0%| F|  |TAMS 0x0000000602000000, 0x0000000602000000| Untracked 
|   5|0x0000000602400000, 0x0000000602400000, 0x0000000602800000|  0%| F|  |TAMS 0x0000000602400000, 0x0000000602400000| Untracked 
|   6|0x0000000602800000, 0x0000000602800000, 0x0000000602c00000|  0%| F|  |TAMS 0x0000000602800000, 0x0000000602800000| Untracked 
|   7|0x0000000602c00000, 0x0000000602c00000, 0x0000000603000000|  0%| F|  |TAMS 0x0000000602c00000, 0x0000000602c00000| Untracked 
|   8|0x0000000603000000, 0x0000000603000000, 0x0000000603400000|  0%| F|  |TAMS 0x0000000603000000, 0x0000000603000000| Untracked 
|   9|0x0000000603400000, 0x0000000603400000, 0x0000000603800000|  0%| F|  |TAMS 0x0000000603400000, 0x0000000603400000| Untracked 
|  10|0x0000000603800000, 0x0000000603800000, 0x0000000603c00000|  0%| F|  |TAMS 0x0000000603800000, 0x0000000603800000| Untracked 
|  11|0x0000000603c00000, 0x0000000603c00000, 0x0000000604000000|  0%| F|  |TAMS 0x0000000603c00000, 0x0000000603c00000| Untracked 
|  12|0x0000000604000000, 0x0000000604000000, 0x0000000604400000|  0%| F|  |TAMS 0x0000000604000000, 0x0000000604000000| Untracked 
|  13|0x0000000604400000, 0x0000000604400000, 0x0000000604800000|  0%| F|  |TAMS 0x0000000604400000, 0x0000000604400000| Untracked 
|  14|0x0000000604800000, 0x0000000604800000, 0x0000000604c00000|  0%| F|  |TAMS 0x0000000604800000, 0x0000000604800000| Untracked 
|  15|0x0000000604c00000, 0x0000000604c00000, 0x0000000605000000|  0%| F|  |TAMS 0x0000000604c00000, 0x0000000604c00000| Untracked 
|  16|0x0000000605000000, 0x0000000605000000, 0x0000000605400000|  0%| F|  |TAMS 0x0000000605000000, 0x0000000605000000| Untracked 
|  17|0x0000000605400000, 0x0000000605400000, 0x0000000605800000|  0%| F|  |TAMS 0x0000000605400000, 0x0000000605400000| Untracked 
|  18|0x0000000605800000, 0x0000000605800000, 0x0000000605c00000|  0%| F|  |TAMS 0x0000000605800000, 0x0000000605800000| Untracked 
|  19|0x0000000605c00000, 0x0000000605c00000, 0x0000000606000000|  0%| F|  |TAMS 0x0000000605c00000, 0x0000000605c00000| Untracked 
|  20|0x0000000606000000, 0x0000000606000000, 0x0000000606400000|  0%| F|  |TAMS 0x0000000606000000, 0x0000000606000000| Untracked 
|  21|0x0000000606400000, 0x0000000606400000, 0x0000000606800000|  0%| F|  |TAMS 0x0000000606400000, 0x0000000606400000| Untracked 
|  22|0x0000000606800000, 0x0000000606800000, 0x0000000606c00000|  0%| F|  |TAMS 0x0000000606800000, 0x0000000606800000| Untracked 
|  23|0x0000000606c00000, 0x0000000606c00000, 0x0000000607000000|  0%| F|  |TAMS 0x0000000606c00000, 0x0000000606c00000| Untracked 
|  24|0x0000000607000000, 0x0000000607000000, 0x0000000607400000|  0%| F|  |TAMS 0x0000000607000000, 0x0000000607000000| Untracked 
|  25|0x0000000607400000, 0x0000000607400000, 0x0000000607800000|  0%| F|  |TAMS 0x0000000607400000, 0x0000000607400000| Untracked 
|  26|0x0000000607800000, 0x0000000607800000, 0x0000000607c00000|  0%| F|  |TAMS 0x0000000607800000, 0x0000000607800000| Untracked 
|  27|0x0000000607c00000, 0x0000000607c00000, 0x0000000608000000|  0%| F|  |TAMS 0x0000000607c00000, 0x0000000607c00000| Untracked 
|  28|0x0000000608000000, 0x0000000608000000, 0x0000000608400000|  0%| F|  |TAMS 0x0000000608000000, 0x0000000608000000| Untracked 
|  29|0x0000000608400000, 0x0000000608400000, 0x0000000608800000|  0%| F|  |TAMS 0x0000000608400000, 0x0000000608400000| Untracked 
|  30|0x0000000608800000, 0x0000000608800000, 0x0000000608c00000|  0%| F|  |TAMS 0x0000000608800000, 0x0000000608800000| Untracked 
|  31|0x0000000608c00000, 0x0000000608c00000, 0x0000000609000000|  0%| F|  |TAMS 0x0000000608c00000, 0x0000000608c00000| Untracked 
|  32|0x0000000609000000, 0x0000000609000000, 0x0000000609400000|  0%| F|  |TAMS 0x0000000609000000, 0x0000000609000000| Untracked 
|  33|0x0000000609400000, 0x0000000609400000, 0x0000000609800000|  0%| F|  |TAMS 0x0000000609400000, 0x0000000609400000| Untracked 
|  34|0x0000000609800000, 0x0000000609800000, 0x0000000609c00000|  0%| F|  |TAMS 0x0000000609800000, 0x0000000609800000| Untracked 
|  35|0x0000000609c00000, 0x0000000609c00000, 0x000000060a000000|  0%| F|  |TAMS 0x0000000609c00000, 0x0000000609c00000| Untracked 
|  36|0x000000060a000000, 0x000000060a000000, 0x000000060a400000|  0%| F|  |TAMS 0x000000060a000000, 0x000000060a000000| Untracked 
|  37|0x000000060a400000, 0x000000060a400000, 0x000000060a800000|  0%| F|  |TAMS 0x000000060a400000, 0x000000060a400000| Untracked 
|  38|0x000000060a800000, 0x000000060a800000, 0x000000060ac00000|  0%| F|  |TAMS 0x000000060a800000, 0x000000060a800000| Untracked 
|  39|0x000000060ac00000, 0x000000060ac00000, 0x000000060b000000|  0%| F|  |TAMS 0x000000060ac00000, 0x000000060ac00000| Untracked 
|  40|0x000000060b000000, 0x000000060b000000, 0x000000060b400000|  0%| F|  |TAMS 0x000000060b000000, 0x000000060b000000| Untracked 
|  41|0x000000060b400000, 0x000000060b400000, 0x000000060b800000|  0%| F|  |TAMS 0x000000060b400000, 0x000000060b400000| Untracked 
|  42|0x000000060b800000, 0x000000060b800000, 0x000000060bc00000|  0%| F|  |TAMS 0x000000060b800000, 0x000000060b800000| Untracked 
|  43|0x000000060bc00000, 0x000000060bc00000, 0x000000060c000000|  0%| F|  |TAMS 0x000000060bc00000, 0x000000060bc00000| Untracked 
|  44|0x000000060c000000, 0x000000060c000000, 0x000000060c400000|  0%| F|  |TAMS 0x000000060c000000, 0x000000060c000000| Untracked 
|  45|0x000000060c400000, 0x000000060c400000, 0x000000060c800000|  0%| F|  |TAMS 0x000000060c400000, 0x000000060c400000| Untracked 
|  46|0x000000060c800000, 0x000000060c800000, 0x000000060cc00000|  0%| F|  |TAMS 0x000000060c800000, 0x000000060c800000| Untracked 
|  47|0x000000060cc00000, 0x000000060cc00000, 0x000000060d000000|  0%| F|  |TAMS 0x000000060cc00000, 0x000000060cc00000| Untracked 
|  48|0x000000060d000000, 0x000000060d000000, 0x000000060d400000|  0%| F|  |TAMS 0x000000060d000000, 0x000000060d000000| Untracked 
|  49|0x000000060d400000, 0x000000060d400000, 0x000000060d800000|  0%| F|  |TAMS 0x000000060d400000, 0x000000060d400000| Untracked 
|  50|0x000000060d800000, 0x000000060d800000, 0x000000060dc00000|  0%| F|  |TAMS 0x000000060d800000, 0x000000060d800000| Untracked 
|  51|0x000000060dc00000, 0x000000060dc00000, 0x000000060e000000|  0%| F|  |TAMS 0x000000060dc00000, 0x000000060dc00000| Untracked 
|  52|0x000000060e000000, 0x000000060e000000, 0x000000060e400000|  0%| F|  |TAMS 0x000000060e000000, 0x000000060e000000| Untracked 
|  53|0x000000060e400000, 0x000000060e400000, 0x000000060e800000|  0%| F|  |TAMS 0x000000060e400000, 0x000000060e400000| Untracked 
|  54|0x000000060e800000, 0x000000060e800000, 0x000000060ec00000|  0%| F|  |TAMS 0x000000060e800000, 0x000000060e800000| Untracked 
|  55|0x000000060ec00000, 0x000000060ec00000, 0x000000060f000000|  0%| F|  |TAMS 0x000000060ec00000, 0x000000060ec00000| Untracked 
|  56|0x000000060f000000, 0x000000060f000000, 0x000000060f400000|  0%| F|  |TAMS 0x000000060f000000, 0x000000060f000000| Untracked 
|  57|0x000000060f400000, 0x000000060f400000, 0x000000060f800000|  0%| F|  |TAMS 0x000000060f400000, 0x000000060f400000| Untracked 
|  58|0x000000060f800000, 0x000000060f800000, 0x000000060fc00000|  0%| F|  |TAMS 0x000000060f800000, 0x000000060f800000| Untracked 
|  59|0x000000060fc00000, 0x000000060fc00000, 0x0000000610000000|  0%| F|  |TAMS 0x000000060fc00000, 0x000000060fc00000| Untracked 
|  60|0x0000000610000000, 0x0000000610000000, 0x0000000610400000|  0%| F|  |TAMS 0x0000000610000000, 0x0000000610000000| Untracked 
|  61|0x0000000610400000, 0x0000000610400000, 0x0000000610800000|  0%| F|  |TAMS 0x0000000610400000, 0x0000000610400000| Untracked 
|  62|0x0000000610800000, 0x0000000610800000, 0x0000000610c00000|  0%| F|  |TAMS 0x0000000610800000, 0x0000000610800000| Untracked 
|  63|0x0000000610c00000, 0x0000000610c00000, 0x0000000611000000|  0%| F|  |TAMS 0x0000000610c00000, 0x0000000610c00000| Untracked 
|  64|0x0000000611000000, 0x0000000611000000, 0x0000000611400000|  0%| F|  |TAMS 0x0000000611000000, 0x0000000611000000| Untracked 
|  65|0x0000000611400000, 0x0000000611400000, 0x0000000611800000|  0%| F|  |TAMS 0x0000000611400000, 0x0000000611400000| Untracked 
|  66|0x0000000611800000, 0x0000000611800000, 0x0000000611c00000|  0%| F|  |TAMS 0x0000000611800000, 0x0000000611800000| Untracked 
|  67|0x0000000611c00000, 0x0000000611c00000, 0x0000000612000000|  0%| F|  |TAMS 0x0000000611c00000, 0x0000000611c00000| Untracked 
|  68|0x0000000612000000, 0x0000000612000000, 0x0000000612400000|  0%| F|  |TAMS 0x0000000612000000, 0x0000000612000000| Untracked 
|  69|0x0000000612400000, 0x0000000612400000, 0x0000000612800000|  0%| F|  |TAMS 0x0000000612400000, 0x0000000612400000| Untracked 
|  70|0x0000000612800000, 0x0000000612800000, 0x0000000612c00000|  0%| F|  |TAMS 0x0000000612800000, 0x0000000612800000| Untracked 
|  71|0x0000000612c00000, 0x0000000612c00000, 0x0000000613000000|  0%| F|  |TAMS 0x0000000612c00000, 0x0000000612c00000| Untracked 
|  72|0x0000000613000000, 0x0000000613000000, 0x0000000613400000|  0%| F|  |TAMS 0x0000000613000000, 0x0000000613000000| Untracked 
|  73|0x0000000613400000, 0x0000000613400000, 0x0000000613800000|  0%| F|  |TAMS 0x0000000613400000, 0x0000000613400000| Untracked 
|  74|0x0000000613800000, 0x0000000613800000, 0x0000000613c00000|  0%| F|  |TAMS 0x0000000613800000, 0x0000000613800000| Untracked 
|  75|0x0000000613c00000, 0x0000000613c00000, 0x0000000614000000|  0%| F|  |TAMS 0x0000000613c00000, 0x0000000613c00000| Untracked 
|  76|0x0000000614000000, 0x0000000614000000, 0x0000000614400000|  0%| F|  |TAMS 0x0000000614000000, 0x0000000614000000| Untracked 
|  77|0x0000000614400000, 0x0000000614400000, 0x0000000614800000|  0%| F|  |TAMS 0x0000000614400000, 0x0000000614400000| Untracked 
|  78|0x0000000614800000, 0x0000000614800000, 0x0000000614c00000|  0%| F|  |TAMS 0x0000000614800000, 0x0000000614800000| Untracked 
|  79|0x0000000614c00000, 0x0000000614c00000, 0x0000000615000000|  0%| F|  |TAMS 0x0000000614c00000, 0x0000000614c00000| Untracked 
|  80|0x0000000615000000, 0x0000000615000000, 0x0000000615400000|  0%| F|  |TAMS 0x0000000615000000, 0x0000000615000000| Untracked 
|  81|0x0000000615400000, 0x0000000615400000, 0x0000000615800000|  0%| F|  |TAMS 0x0000000615400000, 0x0000000615400000| Untracked 
|  82|0x0000000615800000, 0x0000000615800000, 0x0000000615c00000|  0%| F|  |TAMS 0x0000000615800000, 0x0000000615800000| Untracked 
|  83|0x0000000615c00000, 0x0000000615c00000, 0x0000000616000000|  0%| F|  |TAMS 0x0000000615c00000, 0x0000000615c00000| Untracked 
|  84|0x0000000616000000, 0x0000000616000000, 0x0000000616400000|  0%| F|  |TAMS 0x0000000616000000, 0x0000000616000000| Untracked 
|  85|0x0000000616400000, 0x0000000616400000, 0x0000000616800000|  0%| F|  |TAMS 0x0000000616400000, 0x0000000616400000| Untracked 
|  86|0x0000000616800000, 0x0000000616800000, 0x0000000616c00000|  0%| F|  |TAMS 0x0000000616800000, 0x0000000616800000| Untracked 
|  87|0x0000000616c00000, 0x0000000616c00000, 0x0000000617000000|  0%| F|  |TAMS 0x0000000616c00000, 0x0000000616c00000| Untracked 
|  88|0x0000000617000000, 0x0000000617000000, 0x0000000617400000|  0%| F|  |TAMS 0x0000000617000000, 0x0000000617000000| Untracked 
|  89|0x0000000617400000, 0x0000000617400000, 0x0000000617800000|  0%| F|  |TAMS 0x0000000617400000, 0x0000000617400000| Untracked 
|  90|0x0000000617800000, 0x0000000617800000, 0x0000000617c00000|  0%| F|  |TAMS 0x0000000617800000, 0x0000000617800000| Untracked 
|  91|0x0000000617c00000, 0x0000000617c00000, 0x0000000618000000|  0%| F|  |TAMS 0x0000000617c00000, 0x0000000617c00000| Untracked 
|  92|0x0000000618000000, 0x0000000618000000, 0x0000000618400000|  0%| F|  |TAMS 0x0000000618000000, 0x0000000618000000| Untracked 
|  93|0x0000000618400000, 0x0000000618400000, 0x0000000618800000|  0%| F|  |TAMS 0x0000000618400000, 0x0000000618400000| Untracked 
|  94|0x0000000618800000, 0x0000000618800000, 0x0000000618c00000|  0%| F|  |TAMS 0x0000000618800000, 0x0000000618800000| Untracked 
|  95|0x0000000618c00000, 0x0000000618c00000, 0x0000000619000000|  0%| F|  |TAMS 0x0000000618c00000, 0x0000000618c00000| Untracked 
|  96|0x0000000619000000, 0x0000000619000000, 0x0000000619400000|  0%| F|  |TAMS 0x0000000619000000, 0x0000000619000000| Untracked 
|  97|0x0000000619400000, 0x0000000619400000, 0x0000000619800000|  0%| F|  |TAMS 0x0000000619400000, 0x0000000619400000| Untracked 
|  98|0x0000000619800000, 0x0000000619800000, 0x0000000619c00000|  0%| F|  |TAMS 0x0000000619800000, 0x0000000619800000| Untracked 
|  99|0x0000000619c00000, 0x0000000619c00000, 0x000000061a000000|  0%| F|  |TAMS 0x0000000619c00000, 0x0000000619c00000| Untracked 
| 100|0x000000061a000000, 0x000000061a000000, 0x000000061a400000|  0%| F|  |TAMS 0x000000061a000000, 0x000000061a000000| Untracked 
| 101|0x000000061a400000, 0x000000061a400000, 0x000000061a800000|  0%| F|  |TAMS 0x000000061a400000, 0x000000061a400000| Untracked 
| 102|0x000000061a800000, 0x000000061a800000, 0x000000061ac00000|  0%| F|  |TAMS 0x000000061a800000, 0x000000061a800000| Untracked 
| 103|0x000000061ac00000, 0x000000061ac00000, 0x000000061b000000|  0%| F|  |TAMS 0x000000061ac00000, 0x000000061ac00000| Untracked 
| 104|0x000000061b000000, 0x000000061b000000, 0x000000061b400000|  0%| F|  |TAMS 0x000000061b000000, 0x000000061b000000| Untracked 
| 105|0x000000061b400000, 0x000000061b400000, 0x000000061b800000|  0%| F|  |TAMS 0x000000061b400000, 0x000000061b400000| Untracked 
| 106|0x000000061b800000, 0x000000061b800000, 0x000000061bc00000|  0%| F|  |TAMS 0x000000061b800000, 0x000000061b800000| Untracked 
| 107|0x000000061bc00000, 0x000000061bc00000, 0x000000061c000000|  0%| F|  |TAMS 0x000000061bc00000, 0x000000061bc00000| Untracked 
| 108|0x000000061c000000, 0x000000061c000000, 0x000000061c400000|  0%| F|  |TAMS 0x000000061c000000, 0x000000061c000000| Untracked 
| 109|0x000000061c400000, 0x000000061c400000, 0x000000061c800000|  0%| F|  |TAMS 0x000000061c400000, 0x000000061c400000| Untracked 
| 110|0x000000061c800000, 0x000000061c800000, 0x000000061cc00000|  0%| F|  |TAMS 0x000000061c800000, 0x000000061c800000| Untracked 
| 111|0x000000061cc00000, 0x000000061cc00000, 0x000000061d000000|  0%| F|  |TAMS 0x000000061cc00000, 0x000000061cc00000| Untracked 
| 112|0x000000061d000000, 0x000000061d000000, 0x000000061d400000|  0%| F|  |TAMS 0x000000061d000000, 0x000000061d000000| Untracked 
| 113|0x000000061d400000, 0x000000061d400000, 0x000000061d800000|  0%| F|  |TAMS 0x000000061d400000, 0x000000061d400000| Untracked 
| 114|0x000000061d800000, 0x000000061d800000, 0x000000061dc00000|  0%| F|  |TAMS 0x000000061d800000, 0x000000061d800000| Untracked 
| 115|0x000000061dc00000, 0x000000061dc00000, 0x000000061e000000|  0%| F|  |TAMS 0x000000061dc00000, 0x000000061dc00000| Untracked 
| 116|0x000000061e000000, 0x000000061e000000, 0x000000061e400000|  0%| F|  |TAMS 0x000000061e000000, 0x000000061e000000| Untracked 
| 117|0x000000061e400000, 0x000000061e400000, 0x000000061e800000|  0%| F|  |TAMS 0x000000061e400000, 0x000000061e400000| Untracked 
| 118|0x000000061e800000, 0x000000061e800000, 0x000000061ec00000|  0%| F|  |TAMS 0x000000061e800000, 0x000000061e800000| Untracked 
| 119|0x000000061ec00000, 0x000000061ec00000, 0x000000061f000000|  0%| F|  |TAMS 0x000000061ec00000, 0x000000061ec00000| Untracked 
| 120|0x000000061f000000, 0x000000061f000000, 0x000000061f400000|  0%| F|  |TAMS 0x000000061f000000, 0x000000061f000000| Untracked 
| 121|0x000000061f400000, 0x000000061f400000, 0x000000061f800000|  0%| F|  |TAMS 0x000000061f400000, 0x000000061f400000| Untracked 
| 122|0x000000061f800000, 0x000000061f800000, 0x000000061fc00000|  0%| F|  |TAMS 0x000000061f800000, 0x000000061f800000| Untracked 
| 123|0x000000061fc00000, 0x000000061fc00000, 0x0000000620000000|  0%| F|  |TAMS 0x000000061fc00000, 0x000000061fc00000| Untracked 
| 124|0x0000000620000000, 0x0000000620000000, 0x0000000620400000|  0%| F|  |TAMS 0x0000000620000000, 0x0000000620000000| Untracked 
| 125|0x0000000620400000, 0x0000000620400000, 0x0000000620800000|  0%| F|  |TAMS 0x0000000620400000, 0x0000000620400000| Untracked 
| 126|0x0000000620800000, 0x0000000620800000, 0x0000000620c00000|  0%| F|  |TAMS 0x0000000620800000, 0x0000000620800000| Untracked 
| 127|0x0000000620c00000, 0x0000000620f5e3e8, 0x0000000621000000| 84%| E|  |TAMS 0x0000000620c00000, 0x0000000620c00000| Complete 

Card table byte_map: [0x000001d837680000,0x000001d838680000] _byte_map_base: 0x000001d834678000

Marking Bits (Prev, Next): (CMBitMap*) 0x000001d81fc478b0, (CMBitMap*) 0x000001d81fc478f0
 Prev Bits: [0x000001d839680000, 0x000001d841640000)
 Next Bits: [0x000001d841640000, 0x000001d849600000)

Polling page: 0x000001d81dad0000

Metaspace:

Usage:
  Non-class:      1.17 MB used.
      Class:     90.90 KB used.
       Both:      1.26 MB used.

Virtual space:
  Non-class space:        8.00 MB reserved,       1.25 MB ( 16%) committed,  1 nodes.
      Class space:        1.00 GB reserved,     128.00 KB ( <1%) committed,  1 nodes.
              Both:        1.01 GB reserved,       1.38 MB ( <1%) committed. 

Chunk freelists:
   Non-Class:  3.47 MB
       Class:  3.69 MB
        Both:  7.16 MB

MaxMetaspaceSize: 17179869184.00 GB
CompressedClassSpaceSize: 1.00 GB
 - commit_granule_bytes: 65536.
 - commit_granule_words: 8192.
 - virtual_space_node_default_size: 1048576.
 - enlarge_chunks_in_place: 1.
 - new_chunks_are_fully_committed: 0.
 - uncommit_free_chunks: 1.
 - use_allocation_guard: 0.
 - handle_deallocations: 1.


Internal statistics:

num_allocs_failed_limit: 0.
num_arena_births: 8.
num_arena_deaths: 0.
num_vsnodes_births: 2.
num_vsnodes_deaths: 0.
num_space_committed: 22.
num_space_uncommitted: 0.
num_chunks_returned_to_freelist: 0.
num_chunks_taken_from_freelist: 35.
num_chunk_merges: 0.
num_chunk_splits: 22.
num_chunks_enlarged: 22.
num_purges: 0.

CodeHeap 'non-profiled nmethods': size=120000Kb used=74Kb max_used=74Kb free=119926Kb
 bounds [0x000001d82ee10000, 0x000001d82f080000, 0x000001d836340000]
CodeHeap 'profiled nmethods': size=120000Kb used=407Kb max_used=407Kb free=119593Kb
 bounds [0x000001d8278e0000, 0x000001d827b50000, 0x000001d82ee10000]
CodeHeap 'non-nmethods': size=5760Kb used=1265Kb max_used=1281Kb free=4494Kb
 bounds [0x000001d827340000, 0x000001d8275b0000, 0x000001d8278e0000]
 total_blobs=866 nmethods=281 adapters=498
 compilation: enabled
              stopped_count=0, restarted_count=0
 full_count=0

Compilation events (20 events):
Event: 0.199 Thread 0x000001d84cc08140  269   !   3       java.net.URL::<init> (543 bytes)
Event: 0.202 Thread 0x000001d84c0743a0 nmethod 266% 0x000001d82ee20390 code [0x000001d82ee20520, 0x000001d82ee208f8]
Event: 0.202 Thread 0x000001d84c0743a0  276       4       java.lang.StringLatin1::equals (36 bytes)
Event: 0.204 Thread 0x000001d84cc08140 nmethod 269 0x000001d82793dd90 code [0x000001d82793e440, 0x000001d827941e08]
Event: 0.204 Thread 0x000001d84cc08140  272       3       java.lang.String::toString (2 bytes)
Event: 0.204 Thread 0x000001d84cc08140 nmethod 272 0x000001d827943e90 code [0x000001d827944020, 0x000001d827944138]
Event: 0.204 Thread 0x000001d84cc08140  275       3       java.lang.StringConcatHelper::stringOf (20 bytes)
Event: 0.204 Thread 0x000001d84cc08140 nmethod 275 0x000001d827944210 code [0x000001d8279443c0, 0x000001d827944608]
Event: 0.204 Thread 0x000001d84cc08140  270       3       java.lang.String::getChars (54 bytes)
Event: 0.204 Thread 0x000001d84cc08140 nmethod 270 0x000001d827944710 code [0x000001d827944920, 0x000001d827944d98]
Event: 0.204 Thread 0x000001d84cc08140  271       3       java.lang.StringLatin1::getChars (12 bytes)
Event: 0.204 Thread 0x000001d84cc08140 nmethod 271 0x000001d827944f90 code [0x000001d827945140, 0x000001d827945268]
Event: 0.204 Thread 0x000001d84cc08140  273       3       java.io.RandomAccessFile::read (8 bytes)
Event: 0.205 Thread 0x000001d84cc08140 nmethod 273 0x000001d827945310 code [0x000001d8279454c0, 0x000001d827945608]
Event: 0.205 Thread 0x000001d84cc08140  280       3       java.lang.ref.Reference::<init> (25 bytes)
Event: 0.206 Thread 0x000001d84cc08140 nmethod 280 0x000001d827945710 code [0x000001d8279458c0, 0x000001d827945b58]
Event: 0.206 Thread 0x000001d84cc08140  281       1       java.lang.NamedPackage::module (5 bytes)
Event: 0.206 Thread 0x000001d84cc08140 nmethod 281 0x000001d82ee20b90 code [0x000001d82ee20d20, 0x000001d82ee20df8]
Event: 0.207 Thread 0x000001d84c0743a0 nmethod 276 0x000001d82ee20e90 code [0x000001d82ee21020, 0x000001d82ee21258]
Event: 0.207 Thread 0x000001d84c0743a0  279       4       java.lang.StringLatin1::indexOfChar (33 bytes)

GC Heap History (0 events):
No events

Deoptimization events (6 events):
Event: 0.114 Thread 0x000001d81fbcfa50 DEOPT PACKING pc=0x000001d8278f5a67 sp=0x0000003f919fd360
Event: 0.114 Thread 0x000001d81fbcfa50 DEOPT UNPACKING pc=0x000001d82738dece sp=0x0000003f919fc780 mode 0
Event: 0.205 Thread 0x000001d81fbcfa50 DEOPT PACKING pc=0x000001d8279017e5 sp=0x0000003f919fd3b0
Event: 0.205 Thread 0x000001d81fbcfa50 DEOPT UNPACKING pc=0x000001d82738dece sp=0x0000003f919fc800 mode 0
Event: 0.205 Thread 0x000001d81fbcfa50 DEOPT PACKING pc=0x000001d8278e67d1 sp=0x0000003f919fd540
Event: 0.205 Thread 0x000001d81fbcfa50 DEOPT UNPACKING pc=0x000001d82738dece sp=0x0000003f919fc9b8 mode 0

Classes unloaded (0 events):
No events

Classes redefined (0 events):
No events

Internal exceptions (2 events):
Event: 0.095 Thread 0x000001d81fbcfa50 Exception <a 'java/lang/NoSuchMethodError'{0x0000000620e6d100}: 'void java.lang.invoke.DirectMethodHandle$Holder.invokeStatic(java.lang.Object, java.lang.Object, java.lang.Object)'> (0x0000000620e6d100) 
thrown [t:\workspace\open\src\hotspot\share\interpreter\linkResolver.cpp, line 790]
Event: 0.115 Thread 0x000001d81fbcfa50 Exception <a 'sun/nio/fs/WindowsException'{0x0000000620edf068}> (0x0000000620edf068) 
thrown [t:\workspace\open\src\hotspot\share\prims\jni.cpp, line 579]

Events (20 events):
Event: 0.118 loading class java/nio/channels/Channels$1 done
Event: 0.118 loading class java/nio/channels/SelectableChannel
Event: 0.118 loading class java/nio/channels/SelectableChannel done
Event: 0.118 loading class sun/nio/ch/NativeThread
Event: 0.118 loading class sun/nio/ch/NativeThread done
Event: 0.118 loading class sun/nio/ch/Util
Event: 0.118 loading class sun/nio/ch/Util done
Event: 0.119 loading class sun/nio/ch/Util$1
Event: 0.119 loading class sun/nio/ch/Util$1 done
Event: 0.119 loading class sun/nio/ch/Util$BufferCache
Event: 0.119 loading class sun/nio/ch/Util$BufferCache done
Event: 0.119 loading class java/nio/DirectByteBuffer$Deallocator
Event: 0.119 loading class java/nio/DirectByteBuffer$Deallocator done
Event: 0.119 loading class sun/nio/ch/IOStatus
Event: 0.119 loading class sun/nio/ch/IOStatus done
Event: 0.159 loading class java/io/DeleteOnExitHook
Event: 0.159 loading class java/io/DeleteOnExitHook done
Event: 0.159 loading class java/io/DeleteOnExitHook$1
Event: 0.159 loading class java/io/DeleteOnExitHook$1 done
Event: 0.193 Loaded shared library C:\Users\greg4\AppData\Local\Temp\imgui-java-natives_1636839055912\imgui-java64.dll


Dynamic libraries:
0x00007ff671b00000 - 0x00007ff671b0e000 	C:\Users\greg4\.jdks\openjdk-16.0.2\bin\java.exe
0x00007ffa9bab0000 - 0x00007ffa9bca5000 	C:\WINDOWS\SYSTEM32\ntdll.dll
0x00007ffa99b60000 - 0x00007ffa99c1e000 	C:\WINDOWS\System32\KERNEL32.DLL
0x00007ffa99520000 - 0x00007ffa997e9000 	C:\WINDOWS\System32\KERNELBASE.dll
0x00007ffa992e0000 - 0x00007ffa993e0000 	C:\WINDOWS\System32\ucrtbase.dll
0x00007ffa7e700000 - 0x00007ffa7e718000 	C:\Users\greg4\.jdks\openjdk-16.0.2\bin\jli.dll
0x00007ffa841e0000 - 0x00007ffa841f9000 	C:\Users\greg4\.jdks\openjdk-16.0.2\bin\VCRUNTIME140.dll
0x00007ffa99c20000 - 0x00007ffa99dc1000 	C:\WINDOWS\System32\USER32.dll
0x00007ffa8cc10000 - 0x00007ffa8ceaa000 	C:\WINDOWS\WinSxS\amd64_microsoft.windows.common-controls_6595b64144ccf1df_6.0.19041.1110_none_60b5254171f9507e\COMCTL32.dll
0x00007ffa997f0000 - 0x00007ffa99812000 	C:\WINDOWS\System32\win32u.dll
0x00007ffa9a570000 - 0x00007ffa9a60e000 	C:\WINDOWS\System32\msvcrt.dll
0x00007ffa9af80000 - 0x00007ffa9afab000 	C:\WINDOWS\System32\GDI32.dll
0x00007ffa99410000 - 0x00007ffa9951b000 	C:\WINDOWS\System32\gdi32full.dll
0x00007ffa99820000 - 0x00007ffa998bd000 	C:\WINDOWS\System32\msvcp_win.dll
0x00007ffa9a740000 - 0x00007ffa9a770000 	C:\WINDOWS\System32\IMM32.DLL
0x00007ffa89470000 - 0x00007ffa8947c000 	C:\Users\greg4\.jdks\openjdk-16.0.2\bin\vcruntime140_1.dll
0x00007ffa6d8c0000 - 0x00007ffa6d951000 	C:\Users\greg4\.jdks\openjdk-16.0.2\bin\msvcp140.dll
0x00007ffa20960000 - 0x00007ffa2150b000 	C:\Users\greg4\.jdks\openjdk-16.0.2\bin\server\jvm.dll
0x00007ffa9a980000 - 0x00007ffa9aa2c000 	C:\WINDOWS\System32\ADVAPI32.dll
0x00007ffa9afb0000 - 0x00007ffa9b04b000 	C:\WINDOWS\System32\sechost.dll
0x00007ffa9b480000 - 0x00007ffa9b5aa000 	C:\WINDOWS\System32\RPCRT4.dll
0x00007ffa9af70000 - 0x00007ffa9af78000 	C:\WINDOWS\System32\PSAPI.DLL
0x00007ffa921c0000 - 0x00007ffa921ca000 	C:\WINDOWS\SYSTEM32\VERSION.dll
0x00007ffa93220000 - 0x00007ffa93229000 	C:\WINDOWS\SYSTEM32\WSOCK32.dll
0x00007ffa88530000 - 0x00007ffa88557000 	C:\WINDOWS\SYSTEM32\WINMM.dll
0x00007ffa9b050000 - 0x00007ffa9b0bb000 	C:\WINDOWS\System32\WS2_32.dll
0x00007ffa97a10000 - 0x00007ffa97a22000 	C:\WINDOWS\SYSTEM32\kernel.appcore.dll
0x00007ffa88e70000 - 0x00007ffa88e7a000 	C:\Users\greg4\.jdks\openjdk-16.0.2\bin\jimage.dll
0x00007ffa96f10000 - 0x00007ffa970f4000 	C:\WINDOWS\SYSTEM32\DBGHELP.DLL
0x00007ffa90980000 - 0x00007ffa909ac000 	C:\WINDOWS\SYSTEM32\dbgcore.DLL
0x00007ffa99a70000 - 0x00007ffa99af3000 	C:\WINDOWS\System32\bcryptPrimitives.dll
0x00007ffa7c420000 - 0x00007ffa7c445000 	C:\Users\greg4\.jdks\openjdk-16.0.2\bin\java.dll
0x00007ffa99dd0000 - 0x00007ffa9a50f000 	C:\WINDOWS\System32\SHELL32.dll
0x00007ffa97270000 - 0x00007ffa97a00000 	C:\WINDOWS\SYSTEM32\windows.storage.dll
0x00007ffa9b690000 - 0x00007ffa9b9e5000 	C:\WINDOWS\System32\combase.dll
0x00007ffa98c20000 - 0x00007ffa98c4c000 	C:\WINDOWS\SYSTEM32\Wldp.dll
0x00007ffa9b170000 - 0x00007ffa9b21d000 	C:\WINDOWS\System32\SHCORE.dll
0x00007ffa9a510000 - 0x00007ffa9a565000 	C:\WINDOWS\System32\shlwapi.dll
0x00007ffa99110000 - 0x00007ffa9912f000 	C:\WINDOWS\SYSTEM32\profapi.dll
0x00007ffa7e380000 - 0x00007ffa7e399000 	C:\Users\greg4\.jdks\openjdk-16.0.2\bin\net.dll
0x00007ffa8e7f0000 - 0x00007ffa8e8f8000 	C:\WINDOWS\SYSTEM32\WINHTTP.dll
0x00007ffa98930000 - 0x00007ffa9899a000 	C:\WINDOWS\system32\mswsock.dll
0x00007ffa7c3c0000 - 0x00007ffa7c3d3000 	C:\Users\greg4\.jdks\openjdk-16.0.2\bin\nio.dll
0x00007ffa7b2d0000 - 0x00007ffa7b2e8000 	C:\Users\greg4\.jdks\openjdk-16.0.2\bin\zip.dll
0x0000000064a00000 - 0x00000000657b1000 	C:\Users\greg4\AppData\Local\Temp\imgui-java-natives_1636839055912\imgui-java64.dll

dbghelp: loaded successfully - version: 4.0.5 - missing functions: none
symbol engine: initialized successfully - sym options: 0x614 - pdb path: .;C:\Users\greg4\.jdks\openjdk-16.0.2\bin;C:\WINDOWS\SYSTEM32;C:\WINDOWS\WinSxS\amd64_microsoft.windows.common-controls_6595b64144ccf1df_6.0.19041.1110_none_60b5254171f9507e;C:\Users\greg4\.jdks\openjdk-16.0.2\bin\server;C:\Users\greg4\AppData\Local\Temp\imgui-java-natives_1636839055912

VM Arguments:
jvm_args: -Dfile.encoding=windows-1252 -Duser.country=US -Duser.language=en -Duser.variant 
java_command: application.desktop.DesktopApplication
java_class_path (initial): C:\Users\greg4\Documents\UofT\CSC207\course-project-circus\build\classes\java\main;C:\Users\greg4\Documents\UofT\CSC207\course-project-circus\build\resources\main;C:\Users\greg4\.gradle\caches\modules-2\files-2.1\io.github.spair\imgui-java-app\1.84.1.3\c7f2adbb406354377182fea74b107d8c4f8b1d0\imgui-java-app-1.84.1.3.jar;C:\Users\greg4\.gradle\caches\modules-2\files-2.1\io.github.spair\imgui-java-lwjgl3\1.84.1.3\25274d30db97c52a5c31dde1f668c728a67e558f\imgui-java-lwjgl3-1.84.1.3.jar;C:\Users\greg4\.gradle\caches\modules-2\files-2.1\org.lwjgl\lwjgl-assimp\3.2.3\f62aa07a20afbdd3097efc296c4841e0d29700eb\lwjgl-assimp-3.2.3.jar;C:\Users\greg4\.gradle\caches\modules-2\files-2.1\org.lwjgl\lwjgl-assimp\3.2.3\4e60aeb75f0343c4a9ede4ef8b6b32ca702a00a3\lwjgl-assimp-3.2.3-natives-windows.jar;C:\Users\greg4\.gradle\caches\modules-2\files-2.1\org.lwjgl\lwjgl-glfw\3.2.3\5e520d5c290c8b012545a8d34fa5db5ab051ea53\lwjgl-glfw-3.2.3.jar;C:\Users\greg4\.gradle\caches\modules-2\files-2.1\org.lwjgl\lwjgl-glfw\3.2.3\b4d8a3477cdc2edcf7a5f1e822926be846223f54\lwjgl-glfw-3.2.3-natives-windows.jar;C:\Users\greg4\.gradle\caches\modules-2\files-2.1\org.lwjgl\lwjgl-glfw\3.2.3\62b044d9b0a057444bef2ab70b9afc288ec09dba\lwjgl-glfw-3.2.3-natives-linux.jar;C:\Users\greg4\.gradle\caches\modules-2\files-2.1\org.lwjgl\lwjgl-glfw\3.2.3\58661272eacb9116336c88b4aadccf1f17c09b\lwjgl-glfw-3.2.3-natives-macos.jar;C:\Users\greg4\.gradle\caches\modules-2\files-2.1\org.lwjgl\lwjgl-openal\3.2.3\106742e805803ab9eab8e343f0fb31a3d263903c\lwjgl-openal-3.2.3.jar;C:\Users\greg4\.gradle\caches\modules-2\files-2.1\org.lwjgl\lwjgl-openal\3.2.3\ec898e8ce11b5886f4f532a1536283ef2817758d\lwjgl-openal-3.2.3-natives-windows.jar;C:\Users\greg4\.gradle\caches\modules-2\files-2.1\org.lwjgl\lwjgl-opengl\3.2.3\bdd534a323d0c8f54969b95e424b6ac8984f7d6e\lwjgl-opengl-3.2.3.jar;C:\Users\greg4\.gradle\caches\modules-2\files-2.1\org.lwjgl\lwjgl-opengl\3.2.3\e81cfc73ec8708e5e791ed770e4ec3edfc1bbab1\lwjgl-opengl-3.2.3-n
Launcher Type: SUN_STANDARD

[Global flags]
     intx CICompilerCount                          = 4                                         {product} {ergonomic}
     uint ConcGCThreads                            = 2                                         {product} {ergonomic}
     uint G1ConcRefinementThreads                  = 8                                         {product} {ergonomic}
   size_t G1HeapRegionSize                         = 4194304                                   {product} {ergonomic}
    uintx GCDrainStackTargetSize                   = 64                                        {product} {ergonomic}
   size_t InitialHeapSize                          = 536870912                                 {product} {ergonomic}
   size_t MarkStackSize                            = 4194304                                   {product} {ergonomic}
   size_t MaxHeapSize                              = 8573157376                                {product} {ergonomic}
   size_t MaxNewSize                               = 5142216704                                {product} {ergonomic}
   size_t MinHeapDeltaBytes                        = 4194304                                   {product} {ergonomic}
   size_t MinHeapSize                              = 8388608                                   {product} {ergonomic}
    uintx NonNMethodCodeHeapSize                   = 5839372                                {pd product} {ergonomic}
    uintx NonProfiledCodeHeapSize                  = 122909434                              {pd product} {ergonomic}
    uintx ProfiledCodeHeapSize                     = 122909434                              {pd product} {ergonomic}
    uintx ReservedCodeCacheSize                    = 251658240                              {pd product} {ergonomic}
     bool SegmentedCodeCache                       = true                                      {product} {ergonomic}
   size_t SoftMaxHeapSize                          = 8573157376                             {manageable} {ergonomic}
     bool UseCompressedClassPointers               = true                           {product lp64_product} {ergonomic}
     bool UseCompressedOops                        = true                           {product lp64_product} {ergonomic}
     bool UseG1GC                                  = true                                      {product} {ergonomic}
     bool UseLargePagesIndividualAllocation        = false                                  {pd product} {ergonomic}

Logging:
Log output configuration:
 #0: stdout all=warning uptime,level,tags
 #1: stderr all=off uptime,level,tags

Environment Variables:
PATH=C:\Program Files (x86)\Common Files\Oracle\Java\javapath;C:\Users\greg4\AppData\Local\Programs\Python\Python39\Scripts\;C:\Users\greg4\AppData\Local\Programs\Python\Python39\;C:\Program Files\NVIDIA GPU Computing Toolkit\CUDA\v10.0\bin;C:\Program Files\NVIDIA GPU Computing Toolkit\CUDA\v10.0\libnvvp;C:\Program Files\NVIDIA GPU Computing Toolkit\CUDA\v10.1\bin;C:\Program Files\NVIDIA GPU Computing Toolkit\CUDA\v10.1\libnvvp;C:\Program Files\NVIDIA GPU Computing Toolkit\CUDA\v11.3\bin;C:\Program Files\NVIDIA GPU Computing Toolkit\CUDA\v11.3\libnvvp;C:\WINDOWS\system32;C:\WINDOWS;C:\WINDOWS\System32\Wbem;C:\WINDOWS\System32\WindowsPowerShell\v1.0\;C:\WINDOWS\System32\OpenSSH\;C:\Program Files\NVIDIA Corporation\NVIDIA NvDLISR;C:\Program Files (x86)\NVIDIA Corporation\PhysX\Common;C:\Program Files\dotnet\;C:\Program Files\Git\cmd;C:\Program Files\nodejs\;C:\ProgramData\chocolatey\bin;C:\Users\greg4\AppData\Local\Microsoft\WindowsApps;C:\Users\greg4\AppData\Local\Programs\Microsoft VS Code\bin;C:\Program Files (x86)\sox-14-4-2;C:\Users\greg4\.dotnet\tools;C:\Program Files (x86)\eSpeak\command_line;C:\Program Files\ffmpeg\bin;C:\Users\greg4\AppData\Roaming\npm;C:\Program Files\JetBrains\IntelliJ IDEA 2021.2.1\bin;
USERNAME=Shon
OS=Windows_NT
PROCESSOR_IDENTIFIER=Intel64 Family 6 Model 94 Stepping 3, GenuineIntel



---------------  S Y S T E M  ---------------

OS:
 Windows 10 , 64 bit Build 19041 (10.0.19041.1202)
OS uptime: 22 days 3:51 hours
Hyper-V role detected

CPU: total 8 (initial active 8) (4 cores per cpu, 2 threads per core) family 6 model 94 stepping 3 microcode 0xcc, cx8, cmov, fxsr, ht, mmx, 3dnowpref, sse, sse2, sse3, ssse3, sse4.1, sse4.2, popcnt, lzcnt, tsc, tscinvbit, avx, avx2, aes, erms, clmul, bmi1, bmi2, rtm, adx, fma, vzeroupper, clflush, clflushopt, hv

Memory: 4k page, system-wide physical 32689M (16603M free)
TotalPageFile size 37553M (AvailPageFile size 8838M)
current process WorkingSet (physical memory assigned to process): 36M, peak: 36M
current process commit charge ("private bytes"): 620M, peak: 620M

vm_info: OpenJDK 64-Bit Server VM (16.0.2+7-67) for windows-amd64 JRE (16.0.2+7-67), built on Jun  8 2021 23:21:43 by "mach5one" with MS VC++ 16.7 (VS2019)

END.
